2026-02-09 08:38:33 | INFO     | __main__                       | main                 | Manual trigger: run_job_now.py started.
2026-02-09 08:38:33 | INFO     | Data_pull.sensors.incoming_zip_sensor | run_once_scan        | Scanning ZIP files in: data\incoming
2026-02-09 08:38:33 | INFO     | Data_pull.sensors.incoming_zip_sensor | run_once_scan        | No ZIP files found in data\incoming
2026-02-09 08:38:33 | INFO     | __main__                       | main                 | Manual trigger: run_job_now.py finished successfully.
2026-02-09 08:39:08 | INFO     | __main__                       | main                 | Manual trigger: run_job_now.py started.
2026-02-09 08:39:08 | INFO     | Data_pull.sensors.incoming_zip_sensor | run_once_scan        | Scanning ZIP files in: data\incoming
2026-02-09 08:39:08 | INFO     | Data_pull.sensors.incoming_zip_sensor | run_once_scan        | No ZIP files found in data\incoming
2026-02-09 08:39:08 | INFO     | __main__                       | main                 | Manual trigger: run_job_now.py finished successfully.
2026-02-09 08:40:25 | INFO     | __main__                       | main                 | Manual trigger: run_job_now.py started.
2026-02-09 08:40:25 | INFO     | Data_pull.sensors.incoming_zip_sensor | run_once_scan        | Scanning ZIP files in: ..\data\incoming
2026-02-09 08:40:25 | INFO     | Data_pull.sensors.incoming_zip_sensor | filter_files_to_process | Selected latest snapshot cas_customer: cas_customer_update_021225.zip (period_key=20251202)
2026-02-09 08:40:25 | INFO     | Data_pull.sensors.incoming_zip_sensor | filter_files_to_process | Selected latest snapshot cas_info: cas_info_update_221125.zip (period_key=20251122)
2026-02-09 08:40:25 | INFO     | Data_pull.sensors.incoming_zip_sensor | filter_files_to_process | Selected latest snapshot cms_complaint: cms_complaint_update_221125.zip (period_key=20251122)
2026-02-09 08:40:25 | INFO     | Data_pull.sensors.incoming_zip_sensor | filter_files_to_process | Selected top 2 month(s) for bccp_orderitem (monthly mode - always refresh)
2026-02-09 08:40:25 | INFO     | Data_pull.sensors.incoming_zip_sensor | filter_files_to_process |   [TOP] bccp_orderitem_2511.zip (yymm=2511)
2026-02-09 08:40:25 | INFO     | Data_pull.sensors.incoming_zip_sensor | filter_files_to_process |   [TOP] bccp_orderitem_2510.zip (yymm=2510)
2026-02-09 08:40:25 | INFO     | Data_pull.sensors.incoming_zip_sensor | filter_files_to_process | All older months already processed successfully
2026-02-09 08:40:25 | INFO     | Data_pull.sensors.incoming_zip_sensor | run_once_scan        | Filtered: 5/14 files to process
2026-02-09 08:40:25 | INFO     | Data_pull.sensors.incoming_zip_sensor | run_once_scan        | Skipping cas_customer_update_021225.zip (mode=snapshot): already processed (same mtime)
2026-02-09 08:40:25 | INFO     | Data_pull.sensors.incoming_zip_sensor | run_once_scan        | Skipping cas_info_update_221125.zip (mode=snapshot): already processed (same mtime)
2026-02-09 08:40:25 | INFO     | Data_pull.sensors.incoming_zip_sensor | run_once_scan        | Skipping cms_complaint_update_221125.zip (mode=snapshot): already processed (same mtime)
2026-02-09 08:40:25 | INFO     | Data_pull.sensors.incoming_zip_sensor | run_once_scan        | Re-ingesting bccp_orderitem_2511.zip (mode=monthly): File was updated. Old mtime: 2026-01-08 09:02:50, New mtime: 2026-02-06 09:39:51
2026-02-09 08:40:25 | INFO     | Data_pull.sensors.incoming_zip_sensor | run_once_scan        | Running ingest_zip_job for bccp_orderitem_2511.zip
2026-02-09 08:40:25 | ERROR    | Data_pull.jobs.ingest_zip_job  | ingest_zip_job       | [FAIL] unzip_and_discover for bccp_orderitem_2511.zip: [WinError 32] The process cannot access the file because it is being used by another process: '..\\data\\saved\\bccp_orderitem\\bccp_orderitem_2511\\bccp_orderitem_2511.zip'
2026-02-09 08:40:25 | ERROR    | Data_pull.sensors.incoming_zip_sensor | run_once_scan        | Failed bccp_orderitem_2511.zip: [WinError 32] The process cannot access the file because it is being used by another process: '..\\data\\saved\\bccp_orderitem\\bccp_orderitem_2511\\bccp_orderitem_2511.zip'
2026-02-09 08:40:25 | INFO     | Data_pull.sensors.incoming_zip_sensor | run_once_scan        | Re-ingesting bccp_orderitem_2510.zip (mode=monthly): File was updated. Old mtime: 2025-12-17 11:28:46, New mtime: 2026-02-06 09:40:40
2026-02-09 08:40:25 | INFO     | Data_pull.sensors.incoming_zip_sensor | run_once_scan        | Running ingest_zip_job for bccp_orderitem_2510.zip
2026-02-09 08:40:41 | INFO     | Data_pull.ops.unzip_and_discover | unzip_and_discover   | Copied ZIP from bccp_orderitem_2510.zip to ..\data\saved\bccp_orderitem\bccp_orderitem_2510
2026-02-09 08:41:10 | INFO     | Data_pull.ops.unzip_and_discover | unzip_and_discover   | Extracted bccp_orderitem_2510.zip to ..\data\saved\bccp_orderitem\bccp_orderitem_2510
2026-02-09 08:41:11 | INFO     | Data_pull.ops.copy_cast_to_staging | copy_cast_to_staging | COPY & CAST -> production: public."bccp_orderitem_2510" | base=bccp_orderitem | mode=monthly | files=3
2026-02-09 08:41:11 | INFO     | Data_pull.ops.copy_cast_to_staging | copy_cast_to_staging | Read header from bccp_orderitem_1001_1010_2025.csv: 43 columns (raw: ['crm_code_enc', 'cms_code_enc', 'item_code_enc', 'service_code', 'weight_kg']...)
2026-02-09 08:41:11 | INFO     | Data_pull.ops.copy_cast_to_staging | copy_cast_to_staging | Using canonical header order for base=bccp_orderitem (43 columns)
2026-02-09 08:41:11 | INFO     | Data_pull.ops.copy_cast_to_staging | copy_cast_to_staging | Ensured production schema: public
2026-02-09 08:41:11 | INFO     | Data_pull.ops.copy_cast_to_staging | copy_cast_to_staging | Ensured production table: public."bccp_orderitem_2510"
2026-02-09 08:41:11 | INFO     | Data_pull.ops.copy_cast_to_staging | copy_cast_to_staging | Reading bccp_orderitem_1001_1010_2025.csv
2026-02-09 08:41:34 | INFO     | Data_pull.ops.copy_cast_to_staging | copy_cast_to_staging | [bccp_orderitem] Inserted 50,000 rows so far...
2026-02-09 08:41:55 | INFO     | Data_pull.ops.copy_cast_to_staging | copy_cast_to_staging | [bccp_orderitem] Inserted 100,000 rows so far...
2026-02-09 08:42:16 | INFO     | Data_pull.ops.copy_cast_to_staging | copy_cast_to_staging | [bccp_orderitem] Inserted 150,000 rows so far...
2026-02-09 08:42:35 | INFO     | Data_pull.ops.copy_cast_to_staging | copy_cast_to_staging | [bccp_orderitem] Inserted 200,000 rows so far...
2026-02-09 08:42:54 | INFO     | Data_pull.ops.copy_cast_to_staging | copy_cast_to_staging | [bccp_orderitem] Inserted 250,000 rows so far...
2026-02-09 08:43:13 | INFO     | Data_pull.ops.copy_cast_to_staging | copy_cast_to_staging | [bccp_orderitem] Inserted 300,000 rows so far...
2026-02-09 08:43:32 | INFO     | Data_pull.ops.copy_cast_to_staging | copy_cast_to_staging | [bccp_orderitem] Inserted 350,000 rows so far...
2026-02-09 08:43:50 | INFO     | Data_pull.ops.copy_cast_to_staging | copy_cast_to_staging | [bccp_orderitem] Inserted 400,000 rows so far...
2026-02-09 08:44:11 | INFO     | Data_pull.ops.copy_cast_to_staging | copy_cast_to_staging | [bccp_orderitem] Inserted 450,000 rows so far...
2026-02-09 08:44:29 | INFO     | Data_pull.ops.copy_cast_to_staging | copy_cast_to_staging | [bccp_orderitem] Inserted 500,000 rows so far...
2026-02-09 08:44:48 | INFO     | Data_pull.ops.copy_cast_to_staging | copy_cast_to_staging | [bccp_orderitem] Inserted 550,000 rows so far...
2026-02-09 08:45:06 | INFO     | Data_pull.ops.copy_cast_to_staging | copy_cast_to_staging | [bccp_orderitem] Inserted 600,000 rows so far...
2026-02-09 08:45:24 | INFO     | Data_pull.ops.copy_cast_to_staging | copy_cast_to_staging | [bccp_orderitem] Inserted 650,000 rows so far...
2026-02-09 08:45:42 | INFO     | Data_pull.ops.copy_cast_to_staging | copy_cast_to_staging | [bccp_orderitem] Inserted 700,000 rows so far...
2026-02-09 08:46:00 | INFO     | Data_pull.ops.copy_cast_to_staging | copy_cast_to_staging | [bccp_orderitem] Inserted 750,000 rows so far...
2026-02-09 08:46:19 | INFO     | Data_pull.ops.copy_cast_to_staging | copy_cast_to_staging | [bccp_orderitem] Inserted 800,000 rows so far...
2026-02-09 08:46:38 | INFO     | Data_pull.ops.copy_cast_to_staging | copy_cast_to_staging | [bccp_orderitem] Inserted 850,000 rows so far...
2026-02-09 08:46:56 | INFO     | Data_pull.ops.copy_cast_to_staging | copy_cast_to_staging | [bccp_orderitem] Inserted 900,000 rows so far...
2026-02-09 08:47:14 | INFO     | Data_pull.ops.copy_cast_to_staging | copy_cast_to_staging | [bccp_orderitem] Inserted 950,000 rows so far...
2026-02-09 08:47:32 | INFO     | Data_pull.ops.copy_cast_to_staging | copy_cast_to_staging | [bccp_orderitem] Inserted 1,000,000 rows so far...
2026-02-09 08:47:50 | INFO     | Data_pull.ops.copy_cast_to_staging | copy_cast_to_staging | [bccp_orderitem] Inserted 1,050,000 rows so far...
2026-02-09 08:48:08 | INFO     | Data_pull.ops.copy_cast_to_staging | copy_cast_to_staging | [bccp_orderitem] Inserted 1,100,000 rows so far...
2026-02-09 08:48:26 | INFO     | Data_pull.ops.copy_cast_to_staging | copy_cast_to_staging | [bccp_orderitem] Inserted 1,150,000 rows so far...
2026-02-09 08:48:46 | INFO     | Data_pull.ops.copy_cast_to_staging | copy_cast_to_staging | [bccp_orderitem] Inserted 1,200,000 rows so far...
2026-02-09 08:49:04 | INFO     | Data_pull.ops.copy_cast_to_staging | copy_cast_to_staging | [bccp_orderitem] Inserted 1,250,000 rows so far...
2026-02-09 08:49:22 | INFO     | Data_pull.ops.copy_cast_to_staging | copy_cast_to_staging | [bccp_orderitem] Inserted 1,300,000 rows so far...
2026-02-09 08:49:41 | INFO     | Data_pull.ops.copy_cast_to_staging | copy_cast_to_staging | [bccp_orderitem] Inserted 1,350,000 rows so far...
2026-02-09 08:49:59 | INFO     | Data_pull.ops.copy_cast_to_staging | copy_cast_to_staging | [bccp_orderitem] Inserted 1,400,000 rows so far...
2026-02-09 08:50:17 | INFO     | Data_pull.ops.copy_cast_to_staging | copy_cast_to_staging | [bccp_orderitem] Inserted 1,450,000 rows so far...
2026-02-09 08:50:34 | INFO     | Data_pull.ops.copy_cast_to_staging | copy_cast_to_staging | [bccp_orderitem] Inserted 1,500,000 rows so far...
2026-02-09 08:50:51 | INFO     | Data_pull.ops.copy_cast_to_staging | copy_cast_to_staging | [bccp_orderitem] Inserted 1,550,000 rows so far...
2026-02-09 08:51:10 | INFO     | Data_pull.ops.copy_cast_to_staging | copy_cast_to_staging | [bccp_orderitem] Inserted 1,600,000 rows so far...
2026-02-09 08:51:29 | INFO     | Data_pull.ops.copy_cast_to_staging | copy_cast_to_staging | [bccp_orderitem] Inserted 1,650,000 rows so far...
2026-02-09 08:51:47 | INFO     | Data_pull.ops.copy_cast_to_staging | copy_cast_to_staging | [bccp_orderitem] Inserted 1,700,000 rows so far...
2026-02-09 08:52:05 | INFO     | Data_pull.ops.copy_cast_to_staging | copy_cast_to_staging | [bccp_orderitem] Inserted 1,750,000 rows so far...
2026-02-09 08:52:22 | INFO     | Data_pull.ops.copy_cast_to_staging | copy_cast_to_staging | [bccp_orderitem] Inserted 1,800,000 rows so far...
2026-02-09 08:52:41 | INFO     | Data_pull.ops.copy_cast_to_staging | copy_cast_to_staging | [bccp_orderitem] Inserted 1,850,000 rows so far...
2026-02-09 08:53:01 | INFO     | Data_pull.ops.copy_cast_to_staging | copy_cast_to_staging | [bccp_orderitem] Inserted 1,900,000 rows so far...
2026-02-09 08:53:23 | INFO     | Data_pull.ops.copy_cast_to_staging | copy_cast_to_staging | [bccp_orderitem] Inserted 1,950,000 rows so far...
2026-02-09 08:53:45 | INFO     | Data_pull.ops.copy_cast_to_staging | copy_cast_to_staging | [bccp_orderitem] Inserted 2,000,000 rows so far...
2026-02-09 08:54:03 | INFO     | Data_pull.ops.copy_cast_to_staging | copy_cast_to_staging | [bccp_orderitem] Inserted 2,050,000 rows so far...
2026-02-09 08:54:23 | INFO     | Data_pull.ops.copy_cast_to_staging | copy_cast_to_staging | [bccp_orderitem] Inserted 2,100,000 rows so far...
2026-02-09 08:54:42 | INFO     | Data_pull.ops.copy_cast_to_staging | copy_cast_to_staging | [bccp_orderitem] Inserted 2,150,000 rows so far...
2026-02-09 08:55:02 | INFO     | Data_pull.ops.copy_cast_to_staging | copy_cast_to_staging | [bccp_orderitem] Inserted 2,200,000 rows so far...
2026-02-09 08:55:21 | INFO     | Data_pull.ops.copy_cast_to_staging | copy_cast_to_staging | [bccp_orderitem] Inserted 2,250,000 rows so far...
2026-02-09 08:55:41 | INFO     | Data_pull.ops.copy_cast_to_staging | copy_cast_to_staging | [bccp_orderitem] Inserted 2,300,000 rows so far...
2026-02-09 08:56:01 | INFO     | Data_pull.ops.copy_cast_to_staging | copy_cast_to_staging | [bccp_orderitem] Inserted 2,350,000 rows so far...
2026-02-09 08:56:20 | INFO     | Data_pull.ops.copy_cast_to_staging | copy_cast_to_staging | [bccp_orderitem] Inserted 2,400,000 rows so far...
2026-02-09 08:56:38 | INFO     | Data_pull.ops.copy_cast_to_staging | copy_cast_to_staging | [bccp_orderitem] Inserted 2,450,000 rows so far...
2026-02-09 08:56:56 | INFO     | Data_pull.ops.copy_cast_to_staging | copy_cast_to_staging | [bccp_orderitem] Inserted 2,500,000 rows so far...
2026-02-09 08:57:15 | INFO     | Data_pull.ops.copy_cast_to_staging | copy_cast_to_staging | [bccp_orderitem] Inserted 2,550,000 rows so far...
2026-02-09 08:57:35 | INFO     | Data_pull.ops.copy_cast_to_staging | copy_cast_to_staging | [bccp_orderitem] Inserted 2,600,000 rows so far...
2026-02-09 08:57:54 | INFO     | Data_pull.ops.copy_cast_to_staging | copy_cast_to_staging | [bccp_orderitem] Inserted 2,650,000 rows so far...
2026-02-09 08:58:12 | INFO     | Data_pull.ops.copy_cast_to_staging | copy_cast_to_staging | [bccp_orderitem] Inserted 2,700,000 rows so far...
2026-02-09 08:58:31 | INFO     | Data_pull.ops.copy_cast_to_staging | copy_cast_to_staging | [bccp_orderitem] Inserted 2,750,000 rows so far...
2026-02-09 08:58:49 | INFO     | Data_pull.ops.copy_cast_to_staging | copy_cast_to_staging | [bccp_orderitem] Inserted 2,800,000 rows so far...
2026-02-09 08:59:08 | INFO     | Data_pull.ops.copy_cast_to_staging | copy_cast_to_staging | [bccp_orderitem] Inserted 2,850,000 rows so far...
2026-02-09 08:59:27 | INFO     | Data_pull.ops.copy_cast_to_staging | copy_cast_to_staging | [bccp_orderitem] Inserted 2,900,000 rows so far...
2026-02-09 08:59:46 | INFO     | Data_pull.ops.copy_cast_to_staging | copy_cast_to_staging | [bccp_orderitem] Inserted 2,950,000 rows so far...
2026-02-09 09:00:05 | INFO     | Data_pull.ops.copy_cast_to_staging | copy_cast_to_staging | [bccp_orderitem] Inserted 3,000,000 rows so far...
2026-02-09 09:00:23 | INFO     | Data_pull.ops.copy_cast_to_staging | copy_cast_to_staging | [bccp_orderitem] Inserted 3,050,000 rows so far...
2026-02-09 09:00:42 | INFO     | Data_pull.ops.copy_cast_to_staging | copy_cast_to_staging | [bccp_orderitem] Inserted 3,100,000 rows so far...
2026-02-09 09:01:01 | INFO     | Data_pull.ops.copy_cast_to_staging | copy_cast_to_staging | [bccp_orderitem] Inserted 3,150,000 rows so far...
2026-02-09 09:01:20 | INFO     | Data_pull.ops.copy_cast_to_staging | copy_cast_to_staging | [bccp_orderitem] Inserted 3,200,000 rows so far...
2026-02-09 09:01:39 | INFO     | Data_pull.ops.copy_cast_to_staging | copy_cast_to_staging | [bccp_orderitem] Inserted 3,250,000 rows so far...
2026-02-09 09:01:58 | INFO     | Data_pull.ops.copy_cast_to_staging | copy_cast_to_staging | [bccp_orderitem] Inserted 3,300,000 rows so far...
2026-02-09 09:02:17 | INFO     | Data_pull.ops.copy_cast_to_staging | copy_cast_to_staging | [bccp_orderitem] Inserted 3,350,000 rows so far...
2026-02-09 09:02:36 | INFO     | Data_pull.ops.copy_cast_to_staging | copy_cast_to_staging | [bccp_orderitem] Inserted 3,400,000 rows so far...
2026-02-09 09:02:54 | INFO     | Data_pull.ops.copy_cast_to_staging | copy_cast_to_staging | [bccp_orderitem] Inserted 3,450,000 rows so far...
2026-02-09 09:03:14 | INFO     | Data_pull.ops.copy_cast_to_staging | copy_cast_to_staging | [bccp_orderitem] Inserted 3,500,000 rows so far...
2026-02-09 09:03:34 | INFO     | Data_pull.ops.copy_cast_to_staging | copy_cast_to_staging | [bccp_orderitem] Inserted 3,550,000 rows so far...
2026-02-09 09:03:52 | INFO     | Data_pull.ops.copy_cast_to_staging | copy_cast_to_staging | [bccp_orderitem] Inserted 3,600,000 rows so far...
2026-02-09 09:04:12 | INFO     | Data_pull.ops.copy_cast_to_staging | copy_cast_to_staging | [bccp_orderitem] Inserted 3,650,000 rows so far...
2026-02-09 09:04:31 | INFO     | Data_pull.ops.copy_cast_to_staging | copy_cast_to_staging | [bccp_orderitem] Inserted 3,700,000 rows so far...
2026-02-09 09:04:50 | INFO     | Data_pull.ops.copy_cast_to_staging | copy_cast_to_staging | [bccp_orderitem] Inserted 3,750,000 rows so far...
2026-02-09 09:05:09 | INFO     | Data_pull.ops.copy_cast_to_staging | copy_cast_to_staging | [bccp_orderitem] Inserted 3,800,000 rows so far...
2026-02-09 09:05:28 | INFO     | Data_pull.ops.copy_cast_to_staging | copy_cast_to_staging | [bccp_orderitem] Inserted 3,850,000 rows so far...
2026-02-09 09:05:46 | INFO     | Data_pull.ops.copy_cast_to_staging | copy_cast_to_staging | [bccp_orderitem] Inserted 3,900,000 rows so far...
2026-02-09 09:06:05 | INFO     | Data_pull.ops.copy_cast_to_staging | copy_cast_to_staging | [bccp_orderitem] Inserted 3,950,000 rows so far...
2026-02-09 09:06:12 | INFO     | Data_pull.ops.copy_cast_to_staging | copy_cast_to_staging | Reading bccp_orderitem_1011_1020_2025.csv
2026-02-09 09:06:31 | INFO     | Data_pull.ops.copy_cast_to_staging | copy_cast_to_staging | [bccp_orderitem] Inserted 4,019,118 rows so far...
2026-02-09 09:06:50 | INFO     | Data_pull.ops.copy_cast_to_staging | copy_cast_to_staging | [bccp_orderitem] Inserted 4,069,118 rows so far...
2026-02-09 09:07:10 | INFO     | Data_pull.ops.copy_cast_to_staging | copy_cast_to_staging | [bccp_orderitem] Inserted 4,119,118 rows so far...
2026-02-09 09:07:29 | INFO     | Data_pull.ops.copy_cast_to_staging | copy_cast_to_staging | [bccp_orderitem] Inserted 4,169,118 rows so far...
2026-02-09 09:07:47 | INFO     | Data_pull.ops.copy_cast_to_staging | copy_cast_to_staging | [bccp_orderitem] Inserted 4,219,118 rows so far...
2026-02-09 09:08:05 | INFO     | Data_pull.ops.copy_cast_to_staging | copy_cast_to_staging | [bccp_orderitem] Inserted 4,269,118 rows so far...
2026-02-09 09:08:24 | INFO     | Data_pull.ops.copy_cast_to_staging | copy_cast_to_staging | [bccp_orderitem] Inserted 4,319,118 rows so far...
2026-02-09 09:08:41 | INFO     | Data_pull.ops.copy_cast_to_staging | copy_cast_to_staging | [bccp_orderitem] Inserted 4,369,118 rows so far...
2026-02-09 09:09:00 | INFO     | Data_pull.ops.copy_cast_to_staging | copy_cast_to_staging | [bccp_orderitem] Inserted 4,419,118 rows so far...
2026-02-09 09:09:18 | INFO     | Data_pull.ops.copy_cast_to_staging | copy_cast_to_staging | [bccp_orderitem] Inserted 4,469,118 rows so far...
2026-02-09 09:09:37 | INFO     | Data_pull.ops.copy_cast_to_staging | copy_cast_to_staging | [bccp_orderitem] Inserted 4,519,118 rows so far...
2026-02-09 09:09:55 | INFO     | Data_pull.ops.copy_cast_to_staging | copy_cast_to_staging | [bccp_orderitem] Inserted 4,569,118 rows so far...
2026-02-09 09:10:13 | INFO     | Data_pull.ops.copy_cast_to_staging | copy_cast_to_staging | [bccp_orderitem] Inserted 4,619,118 rows so far...
2026-02-09 09:10:32 | INFO     | Data_pull.ops.copy_cast_to_staging | copy_cast_to_staging | [bccp_orderitem] Inserted 4,669,118 rows so far...
2026-02-09 09:10:50 | INFO     | Data_pull.ops.copy_cast_to_staging | copy_cast_to_staging | [bccp_orderitem] Inserted 4,719,118 rows so far...
2026-02-09 09:11:08 | INFO     | Data_pull.ops.copy_cast_to_staging | copy_cast_to_staging | [bccp_orderitem] Inserted 4,769,118 rows so far...
2026-02-09 09:11:28 | INFO     | Data_pull.ops.copy_cast_to_staging | copy_cast_to_staging | [bccp_orderitem] Inserted 4,819,118 rows so far...
2026-02-09 09:11:47 | INFO     | Data_pull.ops.copy_cast_to_staging | copy_cast_to_staging | [bccp_orderitem] Inserted 4,869,118 rows so far...
2026-02-09 09:12:06 | INFO     | Data_pull.ops.copy_cast_to_staging | copy_cast_to_staging | [bccp_orderitem] Inserted 4,919,118 rows so far...
2026-02-09 09:12:24 | INFO     | Data_pull.ops.copy_cast_to_staging | copy_cast_to_staging | [bccp_orderitem] Inserted 4,969,118 rows so far...
2026-02-09 09:12:42 | INFO     | Data_pull.ops.copy_cast_to_staging | copy_cast_to_staging | [bccp_orderitem] Inserted 5,019,118 rows so far...
2026-02-09 09:13:06 | INFO     | Data_pull.ops.copy_cast_to_staging | copy_cast_to_staging | [bccp_orderitem] Inserted 5,069,118 rows so far...
2026-02-09 09:13:26 | INFO     | Data_pull.ops.copy_cast_to_staging | copy_cast_to_staging | [bccp_orderitem] Inserted 5,119,118 rows so far...
2026-02-09 09:13:44 | INFO     | Data_pull.ops.copy_cast_to_staging | copy_cast_to_staging | [bccp_orderitem] Inserted 5,169,118 rows so far...
2026-02-09 09:14:04 | INFO     | Data_pull.ops.copy_cast_to_staging | copy_cast_to_staging | [bccp_orderitem] Inserted 5,219,118 rows so far...
2026-02-09 09:14:22 | INFO     | Data_pull.ops.copy_cast_to_staging | copy_cast_to_staging | [bccp_orderitem] Inserted 5,269,118 rows so far...
2026-02-09 09:14:40 | INFO     | Data_pull.ops.copy_cast_to_staging | copy_cast_to_staging | [bccp_orderitem] Inserted 5,319,118 rows so far...
2026-02-09 09:15:01 | INFO     | Data_pull.ops.copy_cast_to_staging | copy_cast_to_staging | [bccp_orderitem] Inserted 5,369,118 rows so far...
2026-02-09 09:15:20 | INFO     | Data_pull.ops.copy_cast_to_staging | copy_cast_to_staging | [bccp_orderitem] Inserted 5,419,118 rows so far...
2026-02-09 09:15:40 | INFO     | Data_pull.ops.copy_cast_to_staging | copy_cast_to_staging | [bccp_orderitem] Inserted 5,469,118 rows so far...
2026-02-09 09:15:58 | INFO     | Data_pull.ops.copy_cast_to_staging | copy_cast_to_staging | [bccp_orderitem] Inserted 5,519,118 rows so far...
2026-02-09 09:16:16 | INFO     | Data_pull.ops.copy_cast_to_staging | copy_cast_to_staging | [bccp_orderitem] Inserted 5,569,118 rows so far...
2026-02-09 09:16:35 | INFO     | Data_pull.ops.copy_cast_to_staging | copy_cast_to_staging | [bccp_orderitem] Inserted 5,619,118 rows so far...
2026-02-09 09:16:53 | INFO     | Data_pull.ops.copy_cast_to_staging | copy_cast_to_staging | [bccp_orderitem] Inserted 5,669,118 rows so far...
2026-02-09 09:17:13 | INFO     | Data_pull.ops.copy_cast_to_staging | copy_cast_to_staging | [bccp_orderitem] Inserted 5,719,118 rows so far...
2026-02-09 09:17:33 | INFO     | Data_pull.ops.copy_cast_to_staging | copy_cast_to_staging | [bccp_orderitem] Inserted 5,769,118 rows so far...
2026-02-09 09:17:50 | INFO     | Data_pull.ops.copy_cast_to_staging | copy_cast_to_staging | [bccp_orderitem] Inserted 5,819,118 rows so far...
2026-02-09 09:18:21 | INFO     | Data_pull.ops.copy_cast_to_staging | copy_cast_to_staging | [bccp_orderitem] Inserted 5,869,118 rows so far...
2026-02-09 09:18:54 | INFO     | Data_pull.ops.copy_cast_to_staging | copy_cast_to_staging | [bccp_orderitem] Inserted 5,919,118 rows so far...
2026-02-09 09:19:27 | INFO     | Data_pull.ops.copy_cast_to_staging | copy_cast_to_staging | [bccp_orderitem] Inserted 5,969,118 rows so far...
2026-02-09 09:20:00 | INFO     | Data_pull.ops.copy_cast_to_staging | copy_cast_to_staging | [bccp_orderitem] Inserted 6,019,118 rows so far...
2026-02-09 09:20:32 | INFO     | Data_pull.ops.copy_cast_to_staging | copy_cast_to_staging | [bccp_orderitem] Inserted 6,069,118 rows so far...
2026-02-09 09:21:05 | INFO     | Data_pull.ops.copy_cast_to_staging | copy_cast_to_staging | [bccp_orderitem] Inserted 6,119,118 rows so far...
2026-02-09 09:21:37 | INFO     | Data_pull.ops.copy_cast_to_staging | copy_cast_to_staging | [bccp_orderitem] Inserted 6,169,118 rows so far...
2026-02-09 09:22:11 | INFO     | Data_pull.ops.copy_cast_to_staging | copy_cast_to_staging | [bccp_orderitem] Inserted 6,219,118 rows so far...
2026-02-09 09:22:42 | INFO     | Data_pull.ops.copy_cast_to_staging | copy_cast_to_staging | [bccp_orderitem] Inserted 6,269,118 rows so far...
2026-02-09 09:23:14 | INFO     | Data_pull.ops.copy_cast_to_staging | copy_cast_to_staging | [bccp_orderitem] Inserted 6,319,118 rows so far...
2026-02-09 09:23:32 | INFO     | Data_pull.ops.copy_cast_to_staging | copy_cast_to_staging | [bccp_orderitem] Inserted 6,369,118 rows so far...
2026-02-09 09:23:50 | INFO     | Data_pull.ops.copy_cast_to_staging | copy_cast_to_staging | [bccp_orderitem] Inserted 6,419,118 rows so far...
2026-02-09 09:24:08 | INFO     | Data_pull.ops.copy_cast_to_staging | copy_cast_to_staging | [bccp_orderitem] Inserted 6,469,118 rows so far...
2026-02-09 09:24:26 | INFO     | Data_pull.ops.copy_cast_to_staging | copy_cast_to_staging | [bccp_orderitem] Inserted 6,519,118 rows so far...
2026-02-09 09:24:47 | INFO     | Data_pull.ops.copy_cast_to_staging | copy_cast_to_staging | [bccp_orderitem] Inserted 6,569,118 rows so far...
2026-02-09 09:25:06 | INFO     | Data_pull.ops.copy_cast_to_staging | copy_cast_to_staging | [bccp_orderitem] Inserted 6,619,118 rows so far...
2026-02-09 09:25:25 | INFO     | Data_pull.ops.copy_cast_to_staging | copy_cast_to_staging | [bccp_orderitem] Inserted 6,669,118 rows so far...
2026-02-09 09:25:44 | INFO     | Data_pull.ops.copy_cast_to_staging | copy_cast_to_staging | [bccp_orderitem] Inserted 6,719,118 rows so far...
2026-02-09 09:26:02 | INFO     | Data_pull.ops.copy_cast_to_staging | copy_cast_to_staging | [bccp_orderitem] Inserted 6,769,118 rows so far...
2026-02-09 09:26:20 | INFO     | Data_pull.ops.copy_cast_to_staging | copy_cast_to_staging | [bccp_orderitem] Inserted 6,819,118 rows so far...
2026-02-09 09:26:39 | INFO     | Data_pull.ops.copy_cast_to_staging | copy_cast_to_staging | [bccp_orderitem] Inserted 6,869,118 rows so far...
2026-02-09 09:26:58 | INFO     | Data_pull.ops.copy_cast_to_staging | copy_cast_to_staging | [bccp_orderitem] Inserted 6,919,118 rows so far...
2026-02-09 09:27:16 | INFO     | Data_pull.ops.copy_cast_to_staging | copy_cast_to_staging | [bccp_orderitem] Inserted 6,969,118 rows so far...
2026-02-09 09:27:34 | INFO     | Data_pull.ops.copy_cast_to_staging | copy_cast_to_staging | [bccp_orderitem] Inserted 7,019,118 rows so far...
2026-02-09 09:27:52 | INFO     | Data_pull.ops.copy_cast_to_staging | copy_cast_to_staging | [bccp_orderitem] Inserted 7,069,118 rows so far...
2026-02-09 09:28:11 | INFO     | Data_pull.ops.copy_cast_to_staging | copy_cast_to_staging | [bccp_orderitem] Inserted 7,119,118 rows so far...
2026-02-09 09:28:30 | INFO     | Data_pull.ops.copy_cast_to_staging | copy_cast_to_staging | [bccp_orderitem] Inserted 7,169,118 rows so far...
2026-02-09 09:28:55 | INFO     | Data_pull.ops.copy_cast_to_staging | copy_cast_to_staging | [bccp_orderitem] Inserted 7,219,118 rows so far...
2026-02-09 09:29:20 | INFO     | Data_pull.ops.copy_cast_to_staging | copy_cast_to_staging | [bccp_orderitem] Inserted 7,269,118 rows so far...
2026-02-09 09:29:45 | INFO     | Data_pull.ops.copy_cast_to_staging | copy_cast_to_staging | [bccp_orderitem] Inserted 7,319,118 rows so far...
2026-02-09 09:30:07 | INFO     | Data_pull.ops.copy_cast_to_staging | copy_cast_to_staging | [bccp_orderitem] Inserted 7,369,118 rows so far...
2026-02-09 09:30:29 | INFO     | Data_pull.ops.copy_cast_to_staging | copy_cast_to_staging | [bccp_orderitem] Inserted 7,419,118 rows so far...
2026-02-09 09:30:49 | INFO     | Data_pull.ops.copy_cast_to_staging | copy_cast_to_staging | [bccp_orderitem] Inserted 7,469,118 rows so far...
2026-02-09 09:31:09 | INFO     | Data_pull.ops.copy_cast_to_staging | copy_cast_to_staging | [bccp_orderitem] Inserted 7,519,118 rows so far...
2026-02-09 09:31:30 | INFO     | Data_pull.ops.copy_cast_to_staging | copy_cast_to_staging | [bccp_orderitem] Inserted 7,569,118 rows so far...
2026-02-09 09:31:51 | INFO     | Data_pull.ops.copy_cast_to_staging | copy_cast_to_staging | [bccp_orderitem] Inserted 7,619,118 rows so far...
2026-02-09 09:32:10 | INFO     | Data_pull.ops.copy_cast_to_staging | copy_cast_to_staging | Reading bccp_orderitem_1021_1031_2025.csv
2026-02-09 09:32:32 | INFO     | Data_pull.ops.copy_cast_to_staging | copy_cast_to_staging | [bccp_orderitem] Inserted 7,714,995 rows so far...
2026-02-09 09:32:52 | INFO     | Data_pull.ops.copy_cast_to_staging | copy_cast_to_staging | [bccp_orderitem] Inserted 7,764,995 rows so far...
2026-02-09 09:33:14 | INFO     | Data_pull.ops.copy_cast_to_staging | copy_cast_to_staging | [bccp_orderitem] Inserted 7,814,995 rows so far...
2026-02-09 09:33:35 | INFO     | Data_pull.ops.copy_cast_to_staging | copy_cast_to_staging | [bccp_orderitem] Inserted 7,864,995 rows so far...
2026-02-09 09:33:57 | INFO     | Data_pull.ops.copy_cast_to_staging | copy_cast_to_staging | [bccp_orderitem] Inserted 7,914,995 rows so far...
2026-02-09 09:34:18 | INFO     | Data_pull.ops.copy_cast_to_staging | copy_cast_to_staging | [bccp_orderitem] Inserted 7,964,995 rows so far...
2026-02-09 09:34:39 | INFO     | Data_pull.ops.copy_cast_to_staging | copy_cast_to_staging | [bccp_orderitem] Inserted 8,014,995 rows so far...
2026-02-09 09:35:00 | INFO     | Data_pull.ops.copy_cast_to_staging | copy_cast_to_staging | [bccp_orderitem] Inserted 8,064,995 rows so far...
2026-02-09 09:35:21 | INFO     | Data_pull.ops.copy_cast_to_staging | copy_cast_to_staging | [bccp_orderitem] Inserted 8,114,995 rows so far...
2026-02-09 09:35:41 | INFO     | Data_pull.ops.copy_cast_to_staging | copy_cast_to_staging | [bccp_orderitem] Inserted 8,164,995 rows so far...
2026-02-09 09:35:59 | INFO     | Data_pull.ops.copy_cast_to_staging | copy_cast_to_staging | [bccp_orderitem] Inserted 8,214,995 rows so far...
2026-02-09 09:36:17 | INFO     | Data_pull.ops.copy_cast_to_staging | copy_cast_to_staging | [bccp_orderitem] Inserted 8,264,995 rows so far...
2026-02-09 09:36:36 | INFO     | Data_pull.ops.copy_cast_to_staging | copy_cast_to_staging | [bccp_orderitem] Inserted 8,314,995 rows so far...
2026-02-09 09:36:56 | INFO     | Data_pull.ops.copy_cast_to_staging | copy_cast_to_staging | [bccp_orderitem] Inserted 8,364,995 rows so far...
2026-02-09 09:37:14 | INFO     | Data_pull.ops.copy_cast_to_staging | copy_cast_to_staging | [bccp_orderitem] Inserted 8,414,995 rows so far...
2026-02-09 09:37:32 | INFO     | Data_pull.ops.copy_cast_to_staging | copy_cast_to_staging | [bccp_orderitem] Inserted 8,464,995 rows so far...
2026-02-09 09:37:50 | INFO     | Data_pull.ops.copy_cast_to_staging | copy_cast_to_staging | [bccp_orderitem] Inserted 8,514,995 rows so far...
2026-02-09 09:38:09 | INFO     | Data_pull.ops.copy_cast_to_staging | copy_cast_to_staging | [bccp_orderitem] Inserted 8,564,995 rows so far...
2026-02-09 09:38:27 | INFO     | Data_pull.ops.copy_cast_to_staging | copy_cast_to_staging | [bccp_orderitem] Inserted 8,614,995 rows so far...
2026-02-09 09:38:44 | INFO     | Data_pull.ops.copy_cast_to_staging | copy_cast_to_staging | [bccp_orderitem] Inserted 8,664,995 rows so far...
2026-02-09 09:39:01 | INFO     | Data_pull.ops.copy_cast_to_staging | copy_cast_to_staging | [bccp_orderitem] Inserted 8,714,995 rows so far...
2026-02-09 09:39:19 | INFO     | Data_pull.ops.copy_cast_to_staging | copy_cast_to_staging | [bccp_orderitem] Inserted 8,764,995 rows so far...
2026-02-09 09:39:37 | INFO     | Data_pull.ops.copy_cast_to_staging | copy_cast_to_staging | [bccp_orderitem] Inserted 8,814,995 rows so far...
2026-02-09 09:39:59 | INFO     | Data_pull.ops.copy_cast_to_staging | copy_cast_to_staging | [bccp_orderitem] Inserted 8,864,995 rows so far...
2026-02-09 09:40:17 | INFO     | Data_pull.ops.copy_cast_to_staging | copy_cast_to_staging | [bccp_orderitem] Inserted 8,914,995 rows so far...
2026-02-09 09:40:36 | INFO     | Data_pull.ops.copy_cast_to_staging | copy_cast_to_staging | [bccp_orderitem] Inserted 8,964,995 rows so far...
2026-02-09 09:40:54 | INFO     | Data_pull.ops.copy_cast_to_staging | copy_cast_to_staging | [bccp_orderitem] Inserted 9,014,995 rows so far...
2026-02-09 09:41:13 | INFO     | Data_pull.ops.copy_cast_to_staging | copy_cast_to_staging | [bccp_orderitem] Inserted 9,064,995 rows so far...
2026-02-09 09:41:31 | INFO     | Data_pull.ops.copy_cast_to_staging | copy_cast_to_staging | [bccp_orderitem] Inserted 9,114,995 rows so far...
2026-02-09 09:41:50 | INFO     | Data_pull.ops.copy_cast_to_staging | copy_cast_to_staging | [bccp_orderitem] Inserted 9,164,995 rows so far...
2026-02-09 09:42:11 | INFO     | Data_pull.ops.copy_cast_to_staging | copy_cast_to_staging | [bccp_orderitem] Inserted 9,214,995 rows so far...
2026-02-09 09:42:34 | INFO     | Data_pull.ops.copy_cast_to_staging | copy_cast_to_staging | [bccp_orderitem] Inserted 9,264,995 rows so far...
2026-02-09 09:42:57 | INFO     | Data_pull.ops.copy_cast_to_staging | copy_cast_to_staging | [bccp_orderitem] Inserted 9,314,995 rows so far...
2026-02-09 09:43:19 | INFO     | Data_pull.ops.copy_cast_to_staging | copy_cast_to_staging | [bccp_orderitem] Inserted 9,364,995 rows so far...
2026-02-09 09:43:42 | INFO     | Data_pull.ops.copy_cast_to_staging | copy_cast_to_staging | [bccp_orderitem] Inserted 9,414,995 rows so far...
2026-02-09 09:44:07 | INFO     | Data_pull.ops.copy_cast_to_staging | copy_cast_to_staging | [bccp_orderitem] Inserted 9,464,995 rows so far...
2026-02-09 09:44:30 | INFO     | Data_pull.ops.copy_cast_to_staging | copy_cast_to_staging | [bccp_orderitem] Inserted 9,514,995 rows so far...
2026-02-09 09:44:54 | INFO     | Data_pull.ops.copy_cast_to_staging | copy_cast_to_staging | [bccp_orderitem] Inserted 9,564,995 rows so far...
2026-02-09 09:45:17 | INFO     | Data_pull.ops.copy_cast_to_staging | copy_cast_to_staging | [bccp_orderitem] Inserted 9,614,995 rows so far...
2026-02-09 09:45:40 | INFO     | Data_pull.ops.copy_cast_to_staging | copy_cast_to_staging | [bccp_orderitem] Inserted 9,664,995 rows so far...
2026-02-09 09:46:02 | INFO     | Data_pull.ops.copy_cast_to_staging | copy_cast_to_staging | [bccp_orderitem] Inserted 9,714,995 rows so far...
2026-02-09 09:46:26 | INFO     | Data_pull.ops.copy_cast_to_staging | copy_cast_to_staging | [bccp_orderitem] Inserted 9,764,995 rows so far...
2026-02-09 09:46:50 | INFO     | Data_pull.ops.copy_cast_to_staging | copy_cast_to_staging | [bccp_orderitem] Inserted 9,814,995 rows so far...
2026-02-09 09:47:13 | INFO     | Data_pull.ops.copy_cast_to_staging | copy_cast_to_staging | [bccp_orderitem] Inserted 9,864,995 rows so far...
2026-02-09 09:47:37 | INFO     | Data_pull.ops.copy_cast_to_staging | copy_cast_to_staging | [bccp_orderitem] Inserted 9,914,995 rows so far...
2026-02-09 09:48:00 | INFO     | Data_pull.ops.copy_cast_to_staging | copy_cast_to_staging | [bccp_orderitem] Inserted 9,964,995 rows so far...
2026-02-09 09:48:25 | INFO     | Data_pull.ops.copy_cast_to_staging | copy_cast_to_staging | [bccp_orderitem] Inserted 10,014,995 rows so far...
2026-02-09 09:48:47 | INFO     | Data_pull.ops.copy_cast_to_staging | copy_cast_to_staging | [bccp_orderitem] Inserted 10,064,995 rows so far...
2026-02-09 09:49:11 | INFO     | Data_pull.ops.copy_cast_to_staging | copy_cast_to_staging | [bccp_orderitem] Inserted 10,114,995 rows so far...
2026-02-09 09:49:35 | INFO     | Data_pull.ops.copy_cast_to_staging | copy_cast_to_staging | [bccp_orderitem] Inserted 10,164,995 rows so far...
2026-02-09 09:49:59 | INFO     | Data_pull.ops.copy_cast_to_staging | copy_cast_to_staging | [bccp_orderitem] Inserted 10,214,995 rows so far...
2026-02-09 09:50:22 | INFO     | Data_pull.ops.copy_cast_to_staging | copy_cast_to_staging | [bccp_orderitem] Inserted 10,264,995 rows so far...
2026-02-09 09:50:45 | INFO     | Data_pull.ops.copy_cast_to_staging | copy_cast_to_staging | [bccp_orderitem] Inserted 10,314,995 rows so far...
2026-02-09 09:51:07 | INFO     | Data_pull.ops.copy_cast_to_staging | copy_cast_to_staging | [bccp_orderitem] Inserted 10,364,995 rows so far...
2026-02-09 09:51:28 | INFO     | Data_pull.ops.copy_cast_to_staging | copy_cast_to_staging | [bccp_orderitem] Inserted 10,414,995 rows so far...
2026-02-09 09:51:48 | INFO     | Data_pull.ops.copy_cast_to_staging | copy_cast_to_staging | [bccp_orderitem] Inserted 10,464,995 rows so far...
2026-02-09 09:52:07 | INFO     | Data_pull.ops.copy_cast_to_staging | copy_cast_to_staging | [bccp_orderitem] Inserted 10,514,995 rows so far...
2026-02-09 09:52:19 | INFO     | Data_pull.ops.copy_cast_to_staging | copy_cast_to_staging | Production public."bccp_orderitem_2510": 10,545,565 rows inserted
2026-02-09 09:52:19 | INFO     | Data_pull.ops.post_ingest_maintenance | post_ingest_maintenance | Running post_ingest_maintenance for public."bccp_orderitem_2510"
2026-02-09 09:52:31 | INFO     | Data_pull.ops.post_ingest_maintenance | post_ingest_maintenance | Analyzed public."bccp_orderitem_2510"
2026-02-09 09:52:31 | INFO     | Data_pull.ops.post_ingest_maintenance | post_ingest_maintenance | Logged success for zip=bccp_orderitem_2510.zip, table=public."bccp_orderitem_2510", prod_rows=10545565
2026-02-09 09:52:31 | INFO     | Data_pull.jobs.ingest_zip_job  | ingest_zip_job       | [SUCCESS] bccp_orderitem_2510.zip: 10,545,565 rows inserted directly to production
2026-02-09 09:52:31 | INFO     | Data_pull.sensors.incoming_zip_sensor | run_once_scan        | Successfully ingested bccp_orderitem_2510.zip: staging_rows=10,545,565, prod_rows=10,545,565
2026-02-09 09:52:36 | INFO     | Data_pull.sensors.incoming_zip_sensor | run_once_scan        | Copied bccp_orderitem_2510.zip to saved_data (kept original in incoming_dir)
2026-02-09 09:52:36 | INFO     | __main__                       | main                 | Manual trigger: run_job_now.py finished successfully.
