[2026-04-13 10:03:43] [INFO    ] feature_pipeline.run_feature_generation - ============================================================
[2026-04-13 10:03:43] [INFO    ] feature_pipeline.run_feature_generation - FEATURE GENERATION PIPELINE STARTED
[2026-04-13 10:03:43] [INFO    ] feature_pipeline.run_feature_generation - ============================================================
[2026-04-13 10:03:43] [INFO    ] feature_pipeline.run_feature_generation - 
[STEP 1] Database Connection
[2026-04-13 10:03:43] [INFO    ] feature_pipeline.run_feature_generation - ------------------------------------------------------------
[2026-04-13 10:03:43] [INFO    ] feature_pipeline.feature_generation_database - Using DATABASE_URL from environment
[2026-04-13 10:03:43] [INFO    ] feature_pipeline.feature_generation_database - Establishing database connection...
[2026-04-13 10:03:43] [INFO    ] feature_pipeline.feature_generation_database - [OK] Database connection successful
[2026-04-13 10:03:43] [INFO    ] feature_pipeline.run_feature_generation - 
[STEP 2] Source Table Validation
[2026-04-13 10:03:43] [INFO    ] feature_pipeline.run_feature_generation - ------------------------------------------------------------
[2026-04-13 10:03:43] [INFO    ] feature_pipeline.feature_generation_database - Checking required source tables...
[2026-04-13 10:03:43] [INFO    ] feature_pipeline.feature_generation_database - [OK] All required source tables found
[2026-04-13 10:03:43] [INFO    ] feature_pipeline.feature_generation_database - Validating columns in 3 tables...
[2026-04-13 10:03:43] [INFO    ] feature_pipeline.feature_generation_database - [OK] All required columns validated
[2026-04-13 10:03:43] [INFO    ] feature_pipeline.run_feature_generation - 
[STEP 3] Date Range Resolution
[2026-04-13 10:03:43] [INFO    ] feature_pipeline.run_feature_generation - ------------------------------------------------------------
[2026-04-13 10:03:43] [INFO    ] feature_pipeline.feature_generation_dates - [BCCP] Found 10 bccp_orderitem tables, max YYMM: 2510 = 2025-10-01
[2026-04-13 10:03:43] [INFO    ] feature_pipeline.feature_generation_dates - Date plan: 10 months available (2025-01-01 to 2025-10-01)
[2026-04-13 10:03:43] [INFO    ] feature_pipeline.feature_generation_dates - Window config: min=3, max=None
[2026-04-13 10:03:43] [INFO    ] feature_pipeline.feature_generation_dates - Calculated window sizes: 6 sizes (3 to 8)
[2026-04-13 10:03:43] [INFO    ] feature_pipeline.run_feature_generation - [OK] Date range configured: 10 months (2025-01-01 to 2025-10-01)
[2026-04-13 10:03:43] [INFO    ] feature_pipeline.run_feature_generation - [OK] Window sizes: [3, 4, 5, 6, 7, 8]
[2026-04-13 10:03:43] [INFO    ] feature_pipeline.run_feature_generation - 
[STEP 4] Schema Setup
[2026-04-13 10:03:43] [INFO    ] feature_pipeline.run_feature_generation - ------------------------------------------------------------
[2026-04-13 10:03:43] [INFO    ] feature_pipeline.feature_generation_database - Resetting pipeline schemas...
[2026-04-13 10:03:43] [INFO    ] feature_pipeline.feature_generation_database -   [*] Ensuring data_static schema exists...
[2026-04-13 10:03:43] [INFO    ] feature_pipeline.feature_generation_database -   [OK] data_static schema ready
[2026-04-13 10:03:43] [INFO    ] feature_pipeline.feature_generation_database -   [*] Truncating data_static.cus_lifetime if exists...
[2026-04-13 10:03:43] [INFO    ] feature_pipeline.feature_generation_database -   [OK] Truncated cus_lifetime
[2026-04-13 10:03:43] [INFO    ] feature_pipeline.feature_generation_database -   [*] Ensuring data_window schema exists (preserve existing tables)...
[2026-04-13 10:03:43] [INFO    ] feature_pipeline.feature_generation_database -   [OK] data_window schema ready
[2026-04-13 10:03:43] [INFO    ] feature_pipeline.feature_generation_database -   [*] Loading static SQL templates...
[2026-04-13 10:03:43] [INFO    ] feature_pipeline.feature_generation_database -   [*] Executing 1500 bytes of SQL...
[2026-04-13 10:03:43] [INFO    ] feature_pipeline.feature_generation_database -   [OK] Static SQL templates loaded successfully
[2026-04-13 10:03:43] [INFO    ] feature_pipeline.feature_generation_database - [OK] Schemas prepared and tables ready
[2026-04-13 10:03:43] [INFO    ] feature_pipeline.run_feature_generation - 
[STEP 5] Static Feature Aggregation
[2026-04-13 10:03:43] [INFO    ] feature_pipeline.run_feature_generation - ------------------------------------------------------------
[2026-04-13 10:03:43] [INFO    ] feature_pipeline.static_runner - Starting static feature aggregation...
[2026-04-13 10:03:43] [INFO    ] feature_pipeline.static_runner -   Static data range: 2025-01-01 to 2026-04-13
[2026-04-13 10:03:43] [INFO    ] feature_pipeline.static_runner -   Creating indexes on bccp_orderitem tables...
[2026-04-13 10:03:43] [INFO    ] feature_pipeline.db_utils - Creating indexes on 10 bccp_orderitem tables (concurrently=True)...
[2026-04-13 10:03:43] [INFO    ] feature_pipeline.db_utils -   [*] [1/10] Indexing public.bccp_orderitem_2501...
[2026-04-13 10:03:43] [INFO    ] feature_pipeline.db_utils -   [*] [2/10] Indexing public.bccp_orderitem_2502...
[2026-04-13 10:03:43] [INFO    ] feature_pipeline.db_utils -   [*] [3/10] Indexing public.bccp_orderitem_2503...
[2026-04-13 10:03:43] [INFO    ] feature_pipeline.db_utils -   [*] [4/10] Indexing public.bccp_orderitem_2504...
[2026-04-13 10:03:43] [INFO    ] feature_pipeline.db_utils -   [*] [5/10] Indexing public.bccp_orderitem_2505...
[2026-04-13 10:03:43] [INFO    ] feature_pipeline.db_utils -   [*] [6/10] Indexing public.bccp_orderitem_2506...
[2026-04-13 10:03:43] [INFO    ] feature_pipeline.db_utils -   [*] [7/10] Indexing public.bccp_orderitem_2507...
[2026-04-13 10:03:43] [INFO    ] feature_pipeline.db_utils -   [*] [8/10] Indexing public.bccp_orderitem_2508...
[2026-04-13 10:03:43] [INFO    ] feature_pipeline.db_utils -   [*] [9/10] Indexing public.bccp_orderitem_2509...
[2026-04-13 10:03:43] [INFO    ] feature_pipeline.db_utils -   [*] [10/10] Indexing public.bccp_orderitem_2510...
[2026-04-13 10:03:43] [DEBUG   ] feature_pipeline.db_utils - Running ANALYZE on source tables...
[2026-04-13 10:03:50] [INFO    ] feature_pipeline.db_utils - Created 10 bccp indexes
[2026-04-13 10:03:50] [INFO    ] feature_pipeline.static_runner -   [OK] Indexes created
[2026-04-13 10:03:50] [DEBUG   ] feature_pipeline.db_utils - Built bccp_src with 10 tables
[2026-04-13 10:03:50] [INFO    ] feature_pipeline.static_runner -   Executing lifetime_aggregate SQL...
[2026-04-13 10:26:57] [INFO    ] feature_pipeline.static_runner -   [OK] Inserted 161,429 customer records into cus_lifetime
[2026-04-13 10:26:57] [INFO    ] feature_pipeline.static_runner - Static feature aggregation complete
[2026-04-13 10:26:57] [INFO    ] feature_pipeline.feature_generation_database - Counting static feature records...
[2026-04-13 10:26:57] [INFO    ] feature_pipeline.feature_generation_database - [OK] Found 161,429 customer records in data_static.cus_lifetime
[2026-04-13 10:26:57] [INFO    ] feature_pipeline.run_feature_generation - [OK] Static phase completed. Proceeding to window phase...
[2026-04-13 10:26:57] [INFO    ] feature_pipeline.run_feature_generation - 
[STEP 6] Window Feature Aggregation
[2026-04-13 10:26:57] [INFO    ] feature_pipeline.run_feature_generation - ------------------------------------------------------------
[2026-04-13 10:26:57] [INFO    ] feature_pipeline.run_feature_generation - Rendering and executing 10 month(s) of feature aggregation...
[2026-04-13 10:26:57] [INFO    ] feature_pipeline.run_feature_generation - Window execution mode: sequential (1 worker)
[2026-04-13 10:26:57] [INFO    ] feature_pipeline.run_feature_generation - Step 6 chunking: month_chunk_size=2, window_group_size=2, resume=False
[2026-04-13 10:26:57] [INFO    ] feature_pipeline.run_feature_generation - Step 6 checkpoint file: None
[2026-04-13 10:26:57] [INFO    ] feature_pipeline.window_runner - Starting window feature aggregation (6 sizes x 10 months)
[2026-04-13 10:26:57] [INFO    ] feature_pipeline.window_runner - Window 3m: truncated 2/2 latest existing tables
[2026-04-13 10:26:57] [INFO    ] feature_pipeline.window_runner - Window 4m: truncated 2/2 latest existing tables
[2026-04-13 10:26:57] [INFO    ] feature_pipeline.window_runner - Window 5m: truncated 2/2 latest existing tables
[2026-04-13 10:26:57] [INFO    ] feature_pipeline.window_runner - Window 6m: truncated 2/2 latest existing tables
[2026-04-13 10:26:57] [INFO    ] feature_pipeline.window_runner - Window 7m: truncated 2/2 latest existing tables
[2026-04-13 10:26:57] [INFO    ] feature_pipeline.window_runner - Window 8m: truncated 2/2 latest existing tables
[2026-04-13 10:26:57] [INFO    ] feature_pipeline.window_runner - Window plan: keep=21, recompute=12, new=0, to_compute=12
[2026-04-13 10:26:57] [INFO    ] feature_pipeline.window_runner - Chunking resume mode: False
[2026-04-13 10:26:57] [INFO    ] feature_pipeline.window_stage_tables - [WINDOW] Cleaning old staging tables
[2026-04-13 10:26:57] [INFO    ] feature_pipeline.window_stage_tables - [WINDOW] Ensuring source indexes
[2026-04-13 10:26:57] [INFO    ] feature_pipeline.db_utils - Creating indexes on 10 bccp_orderitem tables (concurrently=True)...
[2026-04-13 10:26:57] [INFO    ] feature_pipeline.db_utils -   [*] [1/10] Indexing public.bccp_orderitem_2501...
[2026-04-13 10:26:57] [INFO    ] feature_pipeline.db_utils -   [*] [2/10] Indexing public.bccp_orderitem_2502...
[2026-04-13 10:26:57] [INFO    ] feature_pipeline.db_utils -   [*] [3/10] Indexing public.bccp_orderitem_2503...
[2026-04-13 10:26:57] [INFO    ] feature_pipeline.db_utils -   [*] [4/10] Indexing public.bccp_orderitem_2504...
[2026-04-13 10:26:57] [INFO    ] feature_pipeline.db_utils -   [*] [5/10] Indexing public.bccp_orderitem_2505...
[2026-04-13 10:26:57] [INFO    ] feature_pipeline.db_utils -   [*] [6/10] Indexing public.bccp_orderitem_2506...
[2026-04-13 10:26:57] [INFO    ] feature_pipeline.db_utils -   [*] [7/10] Indexing public.bccp_orderitem_2507...
[2026-04-13 10:26:57] [INFO    ] feature_pipeline.db_utils -   [*] [8/10] Indexing public.bccp_orderitem_2508...
[2026-04-13 10:26:57] [INFO    ] feature_pipeline.db_utils -   [*] [9/10] Indexing public.bccp_orderitem_2509...
[2026-04-13 10:26:57] [INFO    ] feature_pipeline.db_utils -   [*] [10/10] Indexing public.bccp_orderitem_2510...
[2026-04-13 10:26:57] [INFO    ] feature_pipeline.db_utils - Created 10 bccp indexes
[2026-04-13 10:26:57] [INFO    ] feature_pipeline.window_stage_tables - [WINDOW] Preparing stage tables from BCCP sources
[2026-04-13 10:26:57] [DEBUG   ] feature_pipeline.db_utils - Built bccp_src with 10 tables
[2026-04-13 10:26:57] [INFO    ] feature_pipeline.window_stage_tables - [WINDOW] Building stage: _window_source
[2026-04-13 10:35:10] [INFO    ] feature_pipeline.window_stage_tables - [WINDOW] Indexing stage: _window_source
[2026-04-13 10:35:13] [INFO    ] feature_pipeline.window_stage_tables - [WINDOW] Building stage: _window_complaints
[2026-04-13 10:35:13] [INFO    ] feature_pipeline.window_stage_tables - [WINDOW] Indexing stage: _window_complaints
[2026-04-13 10:35:13] [INFO    ] feature_pipeline.window_stage_tables - [WINDOW] Building stage: _window_bccp
[2026-04-13 10:54:45] [INFO    ] feature_pipeline.window_stage_tables - [WINDOW] Indexing stage: _window_bccp
[2026-04-13 11:05:07] [INFO    ] feature_pipeline.window_stage_tables - [WINDOW] Running ANALYZE on stage tables
[2026-04-13 11:05:20] [INFO    ] feature_pipeline.window_runner - Chunking plan: 5 month group(s) x 3 window-size group(s)
[2026-04-13 11:05:20] [INFO    ] feature_pipeline.window_runner - [CHUNK 1/15] months:2025-01..2025-02|sizes:3..4 -> no tables, skip
[2026-04-13 11:05:20] [INFO    ] feature_pipeline.window_runner - [CHUNK 2/15] months:2025-01..2025-02|sizes:5..6 -> no tables, skip
[2026-04-13 11:05:20] [INFO    ] feature_pipeline.window_runner - [CHUNK 3/15] months:2025-01..2025-02|sizes:7..8 -> no tables, skip
[2026-04-13 11:05:20] [INFO    ] feature_pipeline.window_runner - [CHUNK 4/15] months:2025-03..2025-04|sizes:3..4 -> no tables, skip
[2026-04-13 11:05:20] [INFO    ] feature_pipeline.window_runner - [CHUNK 5/15] months:2025-03..2025-04|sizes:5..6 -> no tables, skip
[2026-04-13 11:05:20] [INFO    ] feature_pipeline.window_runner - [CHUNK 6/15] months:2025-03..2025-04|sizes:7..8 -> no tables, skip
[2026-04-13 11:05:20] [INFO    ] feature_pipeline.window_runner - [CHUNK 7/15] months:2025-05..2025-06|sizes:3..4 -> no tables, skip
[2026-04-13 11:05:20] [INFO    ] feature_pipeline.window_runner - [CHUNK 8/15] months:2025-05..2025-06|sizes:5..6 -> no tables, skip
[2026-04-13 11:05:20] [INFO    ] feature_pipeline.window_runner - [CHUNK 9/15] months:2025-05..2025-06|sizes:7..8 -> no tables, skip
[2026-04-13 11:05:20] [INFO    ] feature_pipeline.window_runner - [CHUNK 10/15] months:2025-07..2025-08|sizes:3..4 -> no tables, skip
[2026-04-13 11:05:20] [INFO    ] feature_pipeline.window_runner - [CHUNK 11/15] months:2025-07..2025-08|sizes:5..6 -> no tables, skip
[2026-04-13 11:05:20] [INFO    ] feature_pipeline.window_runner - [CHUNK 12/15] months:2025-07..2025-08|sizes:7..8 -> no tables, skip
[2026-04-13 11:05:20] [INFO    ] feature_pipeline.window_runner - [CHUNK 13/15] months:2025-09..2025-10|sizes:3..4 -> 4 table(s), workers=1, batch_size=5
[2026-04-13 11:05:20] [INFO    ] feature_pipeline.window_runner -   [CHUNK-BATCH 1] inserting 4 table(s)
[2026-04-13 11:05:20] [INFO    ] feature_pipeline.window_runner -     [1/12] data_window.cus_feature_3m_2507_2509...
[2026-04-13 11:15:35] [INFO    ] feature_pipeline.window_runner -     [2/12] data_window.cus_feature_3m_2508_2510...
[2026-04-13 11:24:50] [INFO    ] feature_pipeline.window_runner -     [3/12] data_window.cus_feature_4m_2506_2509...
[2026-04-13 11:33:57] [INFO    ] feature_pipeline.window_runner -     [4/12] data_window.cus_feature_4m_2507_2510...
[2026-04-13 11:44:39] [INFO    ] feature_pipeline.window_runner - [CHUNK DONE] months:2025-09..2025-10|sizes:3..4
[2026-04-13 11:44:39] [INFO    ] feature_pipeline.window_runner - [CHUNK 14/15] months:2025-09..2025-10|sizes:5..6 -> 4 table(s), workers=1, batch_size=5
[2026-04-13 11:44:39] [INFO    ] feature_pipeline.window_runner -   [CHUNK-BATCH 1] inserting 4 table(s)
[2026-04-13 11:44:39] [INFO    ] feature_pipeline.window_runner -     [5/12] data_window.cus_feature_5m_2505_2509...
[2026-04-13 11:54:24] [INFO    ] feature_pipeline.window_runner -     [6/12] data_window.cus_feature_5m_2506_2510...
[2026-04-13 12:05:28] [INFO    ] feature_pipeline.window_runner -     [7/12] data_window.cus_feature_6m_2504_2509...
[2026-04-13 12:15:44] [INFO    ] feature_pipeline.window_runner -     [8/12] data_window.cus_feature_6m_2505_2510...
[2026-04-13 12:18:12] [INFO    ] feature_pipeline.window_runner - [CHUNK DONE] months:2025-09..2025-10|sizes:5..6
[2026-04-13 12:18:12] [INFO    ] feature_pipeline.window_runner - [CHUNK 15/15] months:2025-09..2025-10|sizes:7..8 -> 4 table(s), workers=1, batch_size=5
[2026-04-13 12:18:12] [INFO    ] feature_pipeline.window_runner -   [CHUNK-BATCH 1] inserting 4 table(s)
[2026-04-13 12:18:12] [INFO    ] feature_pipeline.window_runner -     [9/12] data_window.cus_feature_7m_2503_2509...
[2026-04-13 12:20:03] [INFO    ] feature_pipeline.window_runner -     [10/12] data_window.cus_feature_7m_2504_2510...
[2026-04-13 12:21:55] [INFO    ] feature_pipeline.window_runner -     [11/12] data_window.cus_feature_8m_2502_2509...
[2026-04-13 12:23:57] [INFO    ] feature_pipeline.window_runner -     [12/12] data_window.cus_feature_8m_2503_2510...
[2026-04-13 12:26:14] [INFO    ] feature_pipeline.window_runner - [CHUNK DONE] months:2025-09..2025-10|sizes:7..8
[2026-04-13 12:26:14] [INFO    ] feature_pipeline.window_runner - Window feature aggregation complete (12 windows)
[2026-04-13 12:26:27] [INFO    ] feature_pipeline.run_feature_generation - [OK] Window features aggregation complete
[2026-04-13 12:26:27] [INFO    ] feature_pipeline.run_feature_generation - 
============================================================
[2026-04-13 12:26:27] [INFO    ] feature_pipeline.run_feature_generation - [OK] FEATURE GENERATION PIPELINE COMPLETED SUCCESSFULLY
[2026-04-13 12:26:27] [INFO    ] feature_pipeline.run_feature_generation - ============================================================
[2026-04-13 12:26:27] [INFO    ] feature_pipeline.run_feature_generation - Log file: /home/setup/ds_churn/data_preprocessing/logs/pipeline.log
[2026-04-13 12:26:27] [INFO    ] feature_pipeline.run_feature_generation - 
Cleaning up database resources...
[2026-04-13 12:26:27] [INFO    ] feature_pipeline.run_feature_generation - [OK] Database resources released
[2026-04-13 18:14:07] [INFO    ] feature_pipeline.run_feature_generation - ============================================================
[2026-04-13 18:14:07] [INFO    ] feature_pipeline.run_feature_generation - FEATURE GENERATION PIPELINE STARTED
[2026-04-13 18:14:07] [INFO    ] feature_pipeline.run_feature_generation - ============================================================
[2026-04-13 18:14:07] [INFO    ] feature_pipeline.run_feature_generation - 
[STEP 1] Database Connection
[2026-04-13 18:14:07] [INFO    ] feature_pipeline.run_feature_generation - ------------------------------------------------------------
[2026-04-13 18:14:07] [INFO    ] feature_pipeline.feature_generation_database - Using DATABASE_URL from environment
[2026-04-13 18:14:07] [INFO    ] feature_pipeline.feature_generation_database - Establishing database connection...
[2026-04-13 18:14:07] [INFO    ] feature_pipeline.feature_generation_database - [OK] Database connection successful
[2026-04-13 18:14:07] [INFO    ] feature_pipeline.run_feature_generation - 
[STEP 2] Source Table Validation
[2026-04-13 18:14:07] [INFO    ] feature_pipeline.run_feature_generation - ------------------------------------------------------------
[2026-04-13 18:14:07] [INFO    ] feature_pipeline.feature_generation_database - Checking required source tables...
[2026-04-13 18:14:07] [INFO    ] feature_pipeline.feature_generation_database - [OK] All required source tables found
[2026-04-13 18:14:07] [INFO    ] feature_pipeline.feature_generation_database - Validating columns in 3 tables...
[2026-04-13 18:14:07] [INFO    ] feature_pipeline.feature_generation_database - [OK] All required columns validated
[2026-04-13 18:14:07] [INFO    ] feature_pipeline.run_feature_generation - 
[STEP 3] Date Range Resolution
[2026-04-13 18:14:07] [INFO    ] feature_pipeline.run_feature_generation - ------------------------------------------------------------
[2026-04-13 18:14:07] [INFO    ] feature_pipeline.feature_generation_dates - [BCCP] Found 10 bccp_orderitem tables, max YYMM: 2510 = 2025-10-01
[2026-04-13 18:14:07] [INFO    ] feature_pipeline.feature_generation_dates - Date plan: 10 months available (2025-01-01 to 2025-10-01)
[2026-04-13 18:14:07] [INFO    ] feature_pipeline.feature_generation_dates - Window config: min=3, max=None
[2026-04-13 18:14:07] [INFO    ] feature_pipeline.feature_generation_dates - Calculated window sizes: 6 sizes (3 to 8)
[2026-04-13 18:14:07] [INFO    ] feature_pipeline.run_feature_generation - [OK] Date range configured: 10 months (2025-01-01 to 2025-10-01)
[2026-04-13 18:14:07] [INFO    ] feature_pipeline.run_feature_generation - [OK] Window sizes: [3, 4, 5, 6, 7, 8]
[2026-04-13 18:14:07] [INFO    ] feature_pipeline.run_feature_generation - 
[STEP 4] Schema Setup
[2026-04-13 18:14:07] [INFO    ] feature_pipeline.run_feature_generation - ------------------------------------------------------------
[2026-04-13 18:14:07] [INFO    ] feature_pipeline.feature_generation_database - Resetting pipeline schemas...
[2026-04-13 18:14:07] [INFO    ] feature_pipeline.feature_generation_database -   [*] Ensuring data_static schema exists...
[2026-04-13 18:14:07] [INFO    ] feature_pipeline.feature_generation_database -   [OK] data_static schema ready
[2026-04-13 18:14:07] [INFO    ] feature_pipeline.feature_generation_database -   [*] Truncating data_static.cus_lifetime if exists...
[2026-04-13 18:14:07] [INFO    ] feature_pipeline.feature_generation_database -   [OK] Truncated cus_lifetime
[2026-04-13 18:14:07] [INFO    ] feature_pipeline.feature_generation_database -   [*] Ensuring data_window schema exists (preserve existing tables)...
[2026-04-13 18:14:07] [INFO    ] feature_pipeline.feature_generation_database -   [OK] data_window schema ready
[2026-04-13 18:14:07] [INFO    ] feature_pipeline.feature_generation_database -   [*] Loading static SQL templates...
[2026-04-13 18:14:07] [INFO    ] feature_pipeline.feature_generation_database -   [*] Executing 1500 bytes of SQL...
[2026-04-13 18:14:07] [INFO    ] feature_pipeline.feature_generation_database -   [OK] Static SQL templates loaded successfully
[2026-04-13 18:14:07] [INFO    ] feature_pipeline.feature_generation_database - [OK] Schemas prepared and tables ready
[2026-04-13 18:14:07] [INFO    ] feature_pipeline.run_feature_generation - 
[STEP 5] Static Feature Aggregation
[2026-04-13 18:14:07] [INFO    ] feature_pipeline.run_feature_generation - ------------------------------------------------------------
[2026-04-13 18:14:07] [INFO    ] feature_pipeline.static_runner - Starting static feature aggregation...
[2026-04-13 18:14:07] [INFO    ] feature_pipeline.static_runner -   Static data range: 2025-01-01 to 2026-04-13
[2026-04-13 18:14:07] [INFO    ] feature_pipeline.static_runner -   Creating indexes on bccp_orderitem tables...
[2026-04-13 18:14:07] [INFO    ] feature_pipeline.db_utils - Creating indexes on 10 bccp_orderitem tables (concurrently=True)...
[2026-04-13 18:14:07] [INFO    ] feature_pipeline.db_utils -   [*] [1/10] Indexing public.bccp_orderitem_2501...
[2026-04-13 18:14:07] [INFO    ] feature_pipeline.db_utils -   [*] [2/10] Indexing public.bccp_orderitem_2502...
[2026-04-13 18:14:07] [INFO    ] feature_pipeline.db_utils -   [*] [3/10] Indexing public.bccp_orderitem_2503...
[2026-04-13 18:14:07] [INFO    ] feature_pipeline.db_utils -   [*] [4/10] Indexing public.bccp_orderitem_2504...
[2026-04-13 18:14:07] [INFO    ] feature_pipeline.db_utils -   [*] [5/10] Indexing public.bccp_orderitem_2505...
[2026-04-13 18:14:07] [INFO    ] feature_pipeline.db_utils -   [*] [6/10] Indexing public.bccp_orderitem_2506...
[2026-04-13 18:14:07] [INFO    ] feature_pipeline.db_utils -   [*] [7/10] Indexing public.bccp_orderitem_2507...
[2026-04-13 18:14:07] [INFO    ] feature_pipeline.db_utils -   [*] [8/10] Indexing public.bccp_orderitem_2508...
[2026-04-13 18:14:07] [INFO    ] feature_pipeline.db_utils -   [*] [9/10] Indexing public.bccp_orderitem_2509...
[2026-04-13 18:14:07] [INFO    ] feature_pipeline.db_utils -   [*] [10/10] Indexing public.bccp_orderitem_2510...
[2026-04-13 18:14:07] [DEBUG   ] feature_pipeline.db_utils - Running ANALYZE on source tables...
[2026-04-13 18:14:15] [INFO    ] feature_pipeline.db_utils - Created 10 bccp indexes
[2026-04-13 18:14:15] [INFO    ] feature_pipeline.static_runner -   [OK] Indexes created
[2026-04-13 18:14:15] [DEBUG   ] feature_pipeline.db_utils - Built bccp_src with 10 tables
[2026-04-13 18:14:15] [INFO    ] feature_pipeline.static_runner -   Executing lifetime_aggregate SQL...
[2026-04-13 18:37:37] [INFO    ] feature_pipeline.static_runner -   [OK] Inserted 161,429 customer records into cus_lifetime
[2026-04-13 18:37:37] [INFO    ] feature_pipeline.static_runner - Static feature aggregation complete
[2026-04-13 18:37:37] [INFO    ] feature_pipeline.feature_generation_database - Counting static feature records...
[2026-04-13 18:37:37] [INFO    ] feature_pipeline.feature_generation_database - [OK] Found 161,429 customer records in data_static.cus_lifetime
[2026-04-13 18:37:37] [INFO    ] feature_pipeline.run_feature_generation - [OK] Static phase completed. Proceeding to window phase...
[2026-04-13 18:37:37] [INFO    ] feature_pipeline.run_feature_generation - 
[STEP 6] Window Feature Aggregation
[2026-04-13 18:37:37] [INFO    ] feature_pipeline.run_feature_generation - ------------------------------------------------------------
[2026-04-13 18:37:37] [INFO    ] feature_pipeline.run_feature_generation - Rendering and executing 10 month(s) of feature aggregation...
[2026-04-13 18:37:37] [INFO    ] feature_pipeline.run_feature_generation - Window execution mode: parallel (4 worker)
[2026-04-13 18:37:37] [INFO    ] feature_pipeline.run_feature_generation - Step 6 chunking: month_chunk_size=2, window_group_size=2, resume=False
[2026-04-13 18:37:37] [INFO    ] feature_pipeline.run_feature_generation - Step 6 checkpoint file: None
[2026-04-13 18:37:37] [INFO    ] feature_pipeline.window_runner - Starting window feature aggregation (6 sizes x 10 months)
[2026-04-13 18:37:37] [INFO    ] feature_pipeline.window_runner - Window 3m: found 2 empty existing table(s), forcing recompute
[2026-04-13 18:37:37] [INFO    ] feature_pipeline.window_runner - Window 3m: truncated 4/4 recompute table(s)
[2026-04-13 18:37:37] [INFO    ] feature_pipeline.window_runner - Window 4m: found 4 empty existing table(s), forcing recompute
[2026-04-13 18:37:37] [INFO    ] feature_pipeline.window_runner - Window 4m: truncated 6/6 recompute table(s)
[2026-04-13 18:37:37] [INFO    ] feature_pipeline.window_runner - Window 5m: found 4 empty existing table(s), forcing recompute
[2026-04-13 18:37:37] [INFO    ] feature_pipeline.window_runner - Window 5m: truncated 6/6 recompute table(s)
[2026-04-13 18:37:37] [INFO    ] feature_pipeline.window_runner - Window 6m: found 3 empty existing table(s), forcing recompute
[2026-04-13 18:37:37] [INFO    ] feature_pipeline.window_runner - Window 6m: truncated 5/5 recompute table(s)
[2026-04-13 18:37:37] [INFO    ] feature_pipeline.window_runner - Window 7m: found 2 empty existing table(s), forcing recompute
[2026-04-13 18:37:38] [INFO    ] feature_pipeline.window_runner - Window 7m: truncated 4/4 recompute table(s)
[2026-04-13 18:37:38] [INFO    ] feature_pipeline.window_runner - Window 8m: found 1 empty existing table(s), forcing recompute
[2026-04-13 18:37:38] [INFO    ] feature_pipeline.window_runner - Window 8m: truncated 3/3 recompute table(s)
[2026-04-13 18:37:38] [INFO    ] feature_pipeline.window_runner - Window plan: keep=5, recompute=28, new=0, to_compute=28
[2026-04-13 18:37:38] [INFO    ] feature_pipeline.window_runner - Chunking resume mode: False
[2026-04-13 18:37:38] [INFO    ] feature_pipeline.window_stage_tables - [WINDOW] Cleaning old staging tables
[2026-04-13 18:37:38] [INFO    ] feature_pipeline.window_stage_tables - [WINDOW] Ensuring source indexes
[2026-04-13 18:37:38] [INFO    ] feature_pipeline.db_utils - Creating indexes on 10 bccp_orderitem tables (concurrently=True)...
[2026-04-13 18:37:38] [INFO    ] feature_pipeline.db_utils -   [*] [1/10] Indexing public.bccp_orderitem_2501...
[2026-04-13 18:37:38] [INFO    ] feature_pipeline.db_utils -   [*] [2/10] Indexing public.bccp_orderitem_2502...
[2026-04-13 18:37:38] [INFO    ] feature_pipeline.db_utils -   [*] [3/10] Indexing public.bccp_orderitem_2503...
[2026-04-13 18:37:38] [INFO    ] feature_pipeline.db_utils -   [*] [4/10] Indexing public.bccp_orderitem_2504...
[2026-04-13 18:37:38] [INFO    ] feature_pipeline.db_utils -   [*] [5/10] Indexing public.bccp_orderitem_2505...
[2026-04-13 18:37:38] [INFO    ] feature_pipeline.db_utils -   [*] [6/10] Indexing public.bccp_orderitem_2506...
[2026-04-13 18:37:38] [INFO    ] feature_pipeline.db_utils -   [*] [7/10] Indexing public.bccp_orderitem_2507...
[2026-04-13 18:37:38] [INFO    ] feature_pipeline.db_utils -   [*] [8/10] Indexing public.bccp_orderitem_2508...
[2026-04-13 18:37:38] [INFO    ] feature_pipeline.db_utils -   [*] [9/10] Indexing public.bccp_orderitem_2509...
[2026-04-13 18:37:38] [INFO    ] feature_pipeline.db_utils -   [*] [10/10] Indexing public.bccp_orderitem_2510...
[2026-04-13 18:37:38] [INFO    ] feature_pipeline.db_utils - Created 10 bccp indexes
[2026-04-13 18:37:38] [INFO    ] feature_pipeline.window_stage_tables - [WINDOW] Preparing stage tables from BCCP sources
[2026-04-13 18:37:38] [DEBUG   ] feature_pipeline.db_utils - Built bccp_src with 10 tables
[2026-04-13 18:37:38] [INFO    ] feature_pipeline.window_stage_tables - [WINDOW] Building stage: _window_source
[2026-04-13 18:45:48] [INFO    ] feature_pipeline.window_stage_tables - [WINDOW] Indexing stage: _window_source
[2026-04-13 18:45:51] [INFO    ] feature_pipeline.window_stage_tables - [WINDOW] Building stage: _window_complaints
[2026-04-13 18:45:53] [INFO    ] feature_pipeline.window_stage_tables - [WINDOW] Indexing stage: _window_complaints
[2026-04-13 18:45:53] [INFO    ] feature_pipeline.window_stage_tables - [WINDOW] Building stage: _window_bccp
[2026-04-13 19:05:08] [INFO    ] feature_pipeline.window_stage_tables - [WINDOW] Indexing stage: _window_bccp
[2026-04-13 19:15:23] [INFO    ] feature_pipeline.window_stage_tables - [WINDOW] Running ANALYZE on stage tables
[2026-04-13 19:15:37] [INFO    ] feature_pipeline.window_runner - Chunking plan: 5 month group(s) x 3 window-size group(s)
[2026-04-13 19:15:37] [INFO    ] feature_pipeline.window_runner - [CHUNK 1/15] months:2025-01..2025-02|sizes:3..4 -> no tables, skip
[2026-04-13 19:15:37] [INFO    ] feature_pipeline.window_runner - [CHUNK 2/15] months:2025-01..2025-02|sizes:5..6 -> no tables, skip
[2026-04-13 19:15:37] [INFO    ] feature_pipeline.window_runner - [CHUNK 3/15] months:2025-01..2025-02|sizes:7..8 -> no tables, skip
[2026-04-13 19:15:37] [INFO    ] feature_pipeline.window_runner - [CHUNK 4/15] months:2025-03..2025-04|sizes:3..4 -> no tables, skip
[2026-04-13 19:15:37] [INFO    ] feature_pipeline.window_runner - [CHUNK 5/15] months:2025-03..2025-04|sizes:5..6 -> no tables, skip
[2026-04-13 19:15:37] [INFO    ] feature_pipeline.window_runner - [CHUNK 6/15] months:2025-03..2025-04|sizes:7..8 -> no tables, skip
[2026-04-13 19:15:37] [INFO    ] feature_pipeline.window_runner - [CHUNK 7/15] months:2025-05..2025-06|sizes:3..4 -> 4 table(s), workers=4, batch_size=5
[2026-04-13 19:15:37] [INFO    ] feature_pipeline.window_runner -   [CHUNK-BATCH 1] inserting 4 table(s)
[2026-04-13 19:15:37] [INFO    ] feature_pipeline.window_runner -     [1/28] data_window.cus_feature_3m_2503_2505...
[2026-04-13 19:26:28] [INFO    ] feature_pipeline.window_runner -     [2/28] data_window.cus_feature_3m_2504_2506...
[2026-04-13 19:26:28] [INFO    ] feature_pipeline.window_runner -     [3/28] data_window.cus_feature_4m_2502_2505...
[2026-04-13 19:26:45] [INFO    ] feature_pipeline.window_runner -     [4/28] data_window.cus_feature_4m_2503_2506...
[2026-04-13 19:26:45] [INFO    ] feature_pipeline.window_runner - [CHUNK DONE] months:2025-05..2025-06|sizes:3..4
[2026-04-13 19:26:45] [INFO    ] feature_pipeline.window_runner - [CHUNK 8/15] months:2025-05..2025-06|sizes:5..6 -> 3 table(s), workers=4, batch_size=5
[2026-04-13 19:26:45] [INFO    ] feature_pipeline.window_runner -   [CHUNK-BATCH 1] inserting 3 table(s)
[2026-04-13 19:26:45] [INFO    ] feature_pipeline.window_runner -     [5/28] data_window.cus_feature_5m_2501_2505...
[2026-04-13 19:41:36] [INFO    ] feature_pipeline.window_runner -     [6/28] data_window.cus_feature_5m_2502_2506...
[2026-04-13 19:41:36] [INFO    ] feature_pipeline.window_runner -     [7/28] data_window.cus_feature_6m_2501_2506...
[2026-04-13 19:41:56] [INFO    ] feature_pipeline.window_runner - [CHUNK DONE] months:2025-05..2025-06|sizes:5..6
[2026-04-13 19:41:56] [INFO    ] feature_pipeline.window_runner - [CHUNK 9/15] months:2025-05..2025-06|sizes:7..8 -> no tables, skip
[2026-04-13 19:41:56] [INFO    ] feature_pipeline.window_runner - [CHUNK 10/15] months:2025-07..2025-08|sizes:3..4 -> 2 table(s), workers=4, batch_size=5
[2026-04-13 19:41:56] [INFO    ] feature_pipeline.window_runner -   [CHUNK-BATCH 1] inserting 2 table(s)
[2026-04-13 19:41:56] [INFO    ] feature_pipeline.window_runner -     [8/28] data_window.cus_feature_4m_2504_2507...
[2026-04-13 19:50:52] [INFO    ] feature_pipeline.window_runner -     [9/28] data_window.cus_feature_4m_2505_2508...
[2026-04-13 19:51:07] [INFO    ] feature_pipeline.window_runner - [CHUNK DONE] months:2025-07..2025-08|sizes:3..4
[2026-04-13 19:51:07] [INFO    ] feature_pipeline.window_runner - [CHUNK 11/15] months:2025-07..2025-08|sizes:5..6 -> 4 table(s), workers=4, batch_size=5
[2026-04-13 19:51:07] [INFO    ] feature_pipeline.window_runner -   [CHUNK-BATCH 1] inserting 4 table(s)
[2026-04-13 19:51:07] [INFO    ] feature_pipeline.window_runner -     [10/28] data_window.cus_feature_5m_2503_2507...
[2026-04-13 20:02:53] [INFO    ] feature_pipeline.window_runner -     [11/28] data_window.cus_feature_5m_2504_2508...
[2026-04-13 20:03:10] [INFO    ] feature_pipeline.window_runner -     [12/28] data_window.cus_feature_6m_2502_2507...
[2026-04-13 20:03:29] [INFO    ] feature_pipeline.window_runner -     [13/28] data_window.cus_feature_6m_2503_2508...
[2026-04-13 20:03:36] [INFO    ] feature_pipeline.window_runner - [CHUNK DONE] months:2025-07..2025-08|sizes:5..6
[2026-04-13 20:03:36] [INFO    ] feature_pipeline.window_runner - [CHUNK 12/15] months:2025-07..2025-08|sizes:7..8 -> 3 table(s), workers=4, batch_size=5
[2026-04-13 20:03:36] [INFO    ] feature_pipeline.window_runner -   [CHUNK-BATCH 1] inserting 3 table(s)
[2026-04-13 20:03:36] [INFO    ] feature_pipeline.window_runner -     [14/28] data_window.cus_feature_7m_2501_2507...
[2026-04-13 20:18:48] [INFO    ] feature_pipeline.window_runner -     [15/28] data_window.cus_feature_7m_2502_2508...
[2026-04-13 20:18:48] [INFO    ] feature_pipeline.window_runner -     [16/28] data_window.cus_feature_8m_2501_2508...
[2026-04-13 20:19:28] [INFO    ] feature_pipeline.window_runner - [CHUNK DONE] months:2025-07..2025-08|sizes:7..8
[2026-04-13 20:19:28] [INFO    ] feature_pipeline.window_runner - [CHUNK 13/15] months:2025-09..2025-10|sizes:3..4 -> 4 table(s), workers=4, batch_size=5
[2026-04-13 20:19:28] [INFO    ] feature_pipeline.window_runner -   [CHUNK-BATCH 1] inserting 4 table(s)
[2026-04-13 20:19:28] [INFO    ] feature_pipeline.window_runner -     [17/28] data_window.cus_feature_3m_2507_2509...
[2026-04-13 20:28:54] [INFO    ] feature_pipeline.window_runner -     [18/28] data_window.cus_feature_3m_2508_2510...
[2026-04-13 20:30:09] [INFO    ] feature_pipeline.window_runner -     [19/28] data_window.cus_feature_4m_2506_2509...
[2026-04-13 20:30:09] [INFO    ] feature_pipeline.window_runner -     [20/28] data_window.cus_feature_4m_2507_2510...
[2026-04-13 20:30:43] [INFO    ] feature_pipeline.window_runner - [CHUNK DONE] months:2025-09..2025-10|sizes:3..4
[2026-04-13 20:30:43] [INFO    ] feature_pipeline.window_runner - [CHUNK 14/15] months:2025-09..2025-10|sizes:5..6 -> 4 table(s), workers=4, batch_size=5
[2026-04-13 20:30:43] [INFO    ] feature_pipeline.window_runner -   [CHUNK-BATCH 1] inserting 4 table(s)
[2026-04-13 20:30:43] [INFO    ] feature_pipeline.window_runner -     [21/28] data_window.cus_feature_5m_2505_2509...
[2026-04-13 20:32:20] [INFO    ] feature_pipeline.window_runner -     [22/28] data_window.cus_feature_5m_2506_2510...
[2026-04-13 20:32:20] [INFO    ] feature_pipeline.window_runner -     [23/28] data_window.cus_feature_6m_2504_2509...
[2026-04-13 20:32:20] [INFO    ] feature_pipeline.window_runner -     [24/28] data_window.cus_feature_6m_2505_2510...
[2026-04-13 20:32:21] [INFO    ] feature_pipeline.window_runner - [CHUNK DONE] months:2025-09..2025-10|sizes:5..6
[2026-04-13 20:32:21] [INFO    ] feature_pipeline.window_runner - [CHUNK 15/15] months:2025-09..2025-10|sizes:7..8 -> 4 table(s), workers=4, batch_size=5
[2026-04-13 20:32:21] [INFO    ] feature_pipeline.window_runner -   [CHUNK-BATCH 1] inserting 4 table(s)
[2026-04-13 20:32:21] [INFO    ] feature_pipeline.window_runner -     [25/28] data_window.cus_feature_7m_2503_2509...
[2026-04-13 20:34:17] [INFO    ] feature_pipeline.window_runner -     [26/28] data_window.cus_feature_7m_2504_2510...
[2026-04-13 20:34:17] [INFO    ] feature_pipeline.window_runner -     [27/28] data_window.cus_feature_8m_2502_2509...
[2026-04-13 20:34:17] [INFO    ] feature_pipeline.window_runner -     [28/28] data_window.cus_feature_8m_2503_2510...
[2026-04-13 20:34:23] [INFO    ] feature_pipeline.window_runner - [CHUNK DONE] months:2025-09..2025-10|sizes:7..8
[2026-04-13 20:34:23] [INFO    ] feature_pipeline.window_runner - Window feature aggregation complete (28 windows)
[2026-04-13 20:34:36] [INFO    ] feature_pipeline.run_feature_generation - [OK] Window features aggregation complete
[2026-04-13 20:34:36] [INFO    ] feature_pipeline.run_feature_generation - 
============================================================
[2026-04-13 20:34:36] [INFO    ] feature_pipeline.run_feature_generation - [OK] FEATURE GENERATION PIPELINE COMPLETED SUCCESSFULLY
[2026-04-13 20:34:36] [INFO    ] feature_pipeline.run_feature_generation - ============================================================
[2026-04-13 20:34:36] [INFO    ] feature_pipeline.run_feature_generation - Log file: /home/setup/ds_churn/data_preprocessing/logs/pipeline.log
[2026-04-13 20:34:36] [INFO    ] feature_pipeline.run_feature_generation - 
Cleaning up database resources...
[2026-04-13 20:34:36] [INFO    ] feature_pipeline.run_feature_generation - [OK] Database resources released
[2026-04-14 16:22:10] [INFO    ] feature_pipeline.run_feature_generation - ============================================================
[2026-04-14 16:22:10] [INFO    ] feature_pipeline.run_feature_generation - FEATURE GENERATION PIPELINE STARTED
[2026-04-14 16:22:10] [INFO    ] feature_pipeline.run_feature_generation - ============================================================
[2026-04-14 16:22:10] [ERROR   ] feature_pipeline.run_feature_generation - 
============================================================
[2026-04-14 16:22:10] [ERROR   ] feature_pipeline.run_feature_generation - [FAILED] FEATURE GENERATION PIPELINE FAILED
[2026-04-14 16:22:10] [ERROR   ] feature_pipeline.run_feature_generation - ============================================================
[2026-04-14 16:22:10] [ERROR   ] feature_pipeline.run_feature_generation - Error: Missing required environment variable: WINDOW_MAX_WORKERS
Traceback (most recent call last):
  File "/churn_source/preprocessing/src/operations/feature_generation/feature_generation_pipeline.py", line 32, in run
    cfg = get_config()
          ^^^^^^^^^^^^
  File "/churn_source/preprocessing/config/app_config.py", line 171, in get_config
    _config = AppConfig.from_env()
              ^^^^^^^^^^^^^^^^^^^^
  File "/churn_source/preprocessing/config/app_config.py", line 141, in from_env
    features=FeatureGenerationConfig.from_env(),
             ^^^^^^^^^^^^^^^^^^^^^^^^^^^^^^^^^^
  File "/churn_source/preprocessing/config/app_config.py", line 91, in from_env
    window_max_workers=parse_int('WINDOW_MAX_WORKERS')
                       ^^^^^^^^^^^^^^^^^^^^^^^^^^^^^^^
  File "/churn_source/preprocessing/config/env_loader.py", line 46, in parse_int
    return int(require_env(name))
               ^^^^^^^^^^^^^^^^^
  File "/churn_source/preprocessing/config/env_loader.py", line 32, in require_env
    raise RuntimeError(f"Missing required environment variable: {name}")
RuntimeError: Missing required environment variable: WINDOW_MAX_WORKERS
[2026-04-14 16:27:11] [INFO    ] feature_pipeline.run_feature_generation - ============================================================
[2026-04-14 16:27:11] [INFO    ] feature_pipeline.run_feature_generation - FEATURE GENERATION PIPELINE STARTED
[2026-04-14 16:27:11] [INFO    ] feature_pipeline.run_feature_generation - ============================================================
[2026-04-14 16:27:11] [ERROR   ] feature_pipeline.run_feature_generation - 
============================================================
[2026-04-14 16:27:11] [ERROR   ] feature_pipeline.run_feature_generation - [FAILED] FEATURE GENERATION PIPELINE FAILED
[2026-04-14 16:27:11] [ERROR   ] feature_pipeline.run_feature_generation - ============================================================
[2026-04-14 16:27:11] [ERROR   ] feature_pipeline.run_feature_generation - Error: Missing required environment variable: WINDOW_MAX_WORKERS
Traceback (most recent call last):
  File "/churn_source/preprocessing/src/operations/feature_generation/feature_generation_pipeline.py", line 32, in run
    cfg = get_config()
          ^^^^^^^^^^^^
  File "/churn_source/preprocessing/config/app_config.py", line 171, in get_config
    _config = AppConfig.from_env()
              ^^^^^^^^^^^^^^^^^^^^
  File "/churn_source/preprocessing/config/app_config.py", line 141, in from_env
    features=FeatureGenerationConfig.from_env(),
             ^^^^^^^^^^^^^^^^^^^^^^^^^^^^^^^^^^
  File "/churn_source/preprocessing/config/app_config.py", line 91, in from_env
    window_max_workers=parse_int('WINDOW_MAX_WORKERS')
                       ^^^^^^^^^^^^^^^^^^^^^^^^^^^^^^^
  File "/churn_source/preprocessing/config/env_loader.py", line 46, in parse_int
    return int(require_env(name))
               ^^^^^^^^^^^^^^^^^
  File "/churn_source/preprocessing/config/env_loader.py", line 32, in require_env
    raise RuntimeError(f"Missing required environment variable: {name}")
RuntimeError: Missing required environment variable: WINDOW_MAX_WORKERS
[2026-04-14 16:27:31] [INFO    ] feature_pipeline.run_feature_generation - ============================================================
[2026-04-14 16:27:31] [INFO    ] feature_pipeline.run_feature_generation - FEATURE GENERATION PIPELINE STARTED
[2026-04-14 16:27:31] [INFO    ] feature_pipeline.run_feature_generation - ============================================================
[2026-04-14 16:27:31] [INFO    ] feature_pipeline.run_feature_generation - 
[STEP 1] Database Connection
[2026-04-14 16:27:31] [INFO    ] feature_pipeline.run_feature_generation - ------------------------------------------------------------
[2026-04-14 16:27:31] [INFO    ] feature_pipeline.feature_generation_database - Using DATABASE_URL from environment
[2026-04-14 16:27:31] [INFO    ] feature_pipeline.feature_generation_database - Establishing database connection...
[2026-04-14 16:27:31] [INFO    ] feature_pipeline.feature_generation_database - [OK] Database connection successful
[2026-04-14 16:27:31] [INFO    ] feature_pipeline.run_feature_generation - 
[STEP 2] Source Table Validation
[2026-04-14 16:27:31] [INFO    ] feature_pipeline.run_feature_generation - ------------------------------------------------------------
[2026-04-14 16:27:31] [INFO    ] feature_pipeline.feature_generation_database - Checking required source tables...
[2026-04-14 16:27:31] [INFO    ] feature_pipeline.feature_generation_database - [OK] All required source tables found
[2026-04-14 16:27:31] [INFO    ] feature_pipeline.feature_generation_database - Validating columns in 3 tables...
[2026-04-14 16:27:31] [INFO    ] feature_pipeline.feature_generation_database - [OK] All required columns validated
[2026-04-14 16:27:31] [INFO    ] feature_pipeline.run_feature_generation - 
[STEP 3] Date Range Resolution
[2026-04-14 16:27:31] [INFO    ] feature_pipeline.run_feature_generation - ------------------------------------------------------------
[2026-04-14 16:27:31] [INFO    ] feature_pipeline.feature_generation_dates - [BCCP] Found 16 bccp_orderitem tables, max YYMM: 2604 = 2026-04-01
[2026-04-14 16:27:31] [INFO    ] feature_pipeline.feature_generation_dates - Date plan: 16 months available (2025-01-01 to 2026-04-01)
[2026-04-14 16:27:31] [INFO    ] feature_pipeline.feature_generation_dates - Window config: min=3, max=None
[2026-04-14 16:27:31] [INFO    ] feature_pipeline.feature_generation_dates - Calculated window sizes: 12 sizes (3 to 14)
[2026-04-14 16:27:31] [INFO    ] feature_pipeline.run_feature_generation - [OK] Date range configured: 16 months (2025-01-01 to 2026-04-01)
[2026-04-14 16:27:31] [INFO    ] feature_pipeline.run_feature_generation - [OK] Window sizes: [3, 4, 5, 6, 7, 8, 9, 10, 11, 12, 13, 14]
[2026-04-14 16:27:31] [INFO    ] feature_pipeline.run_feature_generation - 
[STEP 4] Schema Setup
[2026-04-14 16:27:31] [INFO    ] feature_pipeline.run_feature_generation - ------------------------------------------------------------
[2026-04-14 16:27:31] [INFO    ] feature_pipeline.feature_generation_database - Resetting pipeline schemas...
[2026-04-14 16:27:31] [INFO    ] feature_pipeline.feature_generation_database -   [*] Ensuring data_static schema exists...
[2026-04-14 16:27:31] [INFO    ] feature_pipeline.feature_generation_database -   [OK] data_static schema ready
[2026-04-14 16:27:31] [INFO    ] feature_pipeline.feature_generation_database -   [*] Truncating data_static.cus_lifetime if exists...
[2026-04-14 16:27:31] [INFO    ] feature_pipeline.feature_generation_database -   [OK] Truncated cus_lifetime
[2026-04-14 16:27:31] [INFO    ] feature_pipeline.feature_generation_database -   [*] Ensuring data_window schema exists (preserve existing tables)...
[2026-04-14 16:27:31] [INFO    ] feature_pipeline.feature_generation_database -   [OK] data_window schema ready
[2026-04-14 16:27:31] [INFO    ] feature_pipeline.feature_generation_database -   [*] Loading static SQL templates...
[2026-04-14 16:27:31] [INFO    ] feature_pipeline.feature_generation_database -   [*] Executing 1500 bytes of SQL...
[2026-04-14 16:27:31] [INFO    ] feature_pipeline.feature_generation_database -   [OK] Static SQL templates loaded successfully
[2026-04-14 16:27:31] [INFO    ] feature_pipeline.feature_generation_database - [OK] Schemas prepared and tables ready
[2026-04-14 16:27:31] [INFO    ] feature_pipeline.run_feature_generation - 
[STEP 5] Static Feature Aggregation
[2026-04-14 16:27:31] [INFO    ] feature_pipeline.run_feature_generation - ------------------------------------------------------------
[2026-04-14 16:27:31] [INFO    ] feature_pipeline.static_runner - Starting static feature aggregation...
[2026-04-14 16:27:31] [INFO    ] feature_pipeline.static_runner -   Static data range: 2025-01-01 to 2026-04-14
[2026-04-14 16:27:31] [INFO    ] feature_pipeline.static_runner -   Creating indexes on bccp_orderitem tables...
[2026-04-14 16:27:31] [INFO    ] feature_pipeline.db_utils - Creating indexes on 16 bccp_orderitem tables (concurrently=True)...
[2026-04-14 16:27:31] [INFO    ] feature_pipeline.db_utils -   [*] [1/16] Indexing public.bccp_orderitem_2501...
[2026-04-14 16:27:31] [INFO    ] feature_pipeline.db_utils -   [*] [2/16] Indexing public.bccp_orderitem_2502...
[2026-04-14 16:27:31] [INFO    ] feature_pipeline.db_utils -   [*] [3/16] Indexing public.bccp_orderitem_2503...
[2026-04-14 16:27:31] [INFO    ] feature_pipeline.db_utils -   [*] [4/16] Indexing public.bccp_orderitem_2504...
[2026-04-14 16:27:31] [INFO    ] feature_pipeline.db_utils -   [*] [5/16] Indexing public.bccp_orderitem_2505...
[2026-04-14 16:27:31] [INFO    ] feature_pipeline.db_utils -   [*] [6/16] Indexing public.bccp_orderitem_2506...
[2026-04-14 16:27:31] [INFO    ] feature_pipeline.db_utils -   [*] [7/16] Indexing public.bccp_orderitem_2507...
[2026-04-14 16:27:31] [INFO    ] feature_pipeline.db_utils -   [*] [8/16] Indexing public.bccp_orderitem_2508...
[2026-04-14 16:27:31] [INFO    ] feature_pipeline.db_utils -   [*] [9/16] Indexing public.bccp_orderitem_2509...
[2026-04-14 16:27:31] [INFO    ] feature_pipeline.db_utils -   [*] [10/16] Indexing public.bccp_orderitem_2510...
[2026-04-14 16:27:31] [INFO    ] feature_pipeline.db_utils -   [*] [11/16] Indexing public.bccp_orderitem_2511...
[2026-04-14 16:27:31] [INFO    ] feature_pipeline.db_utils -   [*] [12/16] Indexing public.bccp_orderitem_2512...
[2026-04-14 16:27:31] [INFO    ] feature_pipeline.db_utils -   [*] [13/16] Indexing public.bccp_orderitem_2601...
[2026-04-14 16:27:31] [INFO    ] feature_pipeline.db_utils -   [*] [14/16] Indexing public.bccp_orderitem_2602...
[2026-04-14 16:27:31] [INFO    ] feature_pipeline.db_utils -   [*] [15/16] Indexing public.bccp_orderitem_2603...
[2026-04-14 16:27:31] [INFO    ] feature_pipeline.db_utils -   [*] [16/16] Indexing public.bccp_orderitem_2604...
[2026-04-14 16:27:31] [DEBUG   ] feature_pipeline.db_utils - Running ANALYZE on source tables...
[2026-04-14 16:27:42] [INFO    ] feature_pipeline.db_utils - Created 16 bccp indexes
[2026-04-14 16:27:42] [INFO    ] feature_pipeline.static_runner -   [OK] Indexes created
[2026-04-14 16:27:42] [DEBUG   ] feature_pipeline.db_utils - Built bccp_src with 16 tables
[2026-04-14 16:27:42] [INFO    ] feature_pipeline.static_runner -   Executing lifetime_aggregate SQL...
[2026-04-14 17:10:38] [INFO    ] feature_pipeline.static_runner -   [OK] Inserted 248,778 customer records into cus_lifetime
[2026-04-14 17:10:38] [INFO    ] feature_pipeline.static_runner - Static feature aggregation complete
[2026-04-14 17:10:38] [INFO    ] feature_pipeline.feature_generation_database - Counting static feature records...
[2026-04-14 17:10:38] [INFO    ] feature_pipeline.feature_generation_database - [OK] Found 248,778 customer records in data_static.cus_lifetime
[2026-04-14 17:10:38] [INFO    ] feature_pipeline.run_feature_generation - [OK] Static phase completed. Proceeding to window phase...
[2026-04-14 17:10:38] [INFO    ] feature_pipeline.run_feature_generation - 
[STEP 6] Window Feature Aggregation
[2026-04-14 17:10:38] [INFO    ] feature_pipeline.run_feature_generation - ------------------------------------------------------------
[2026-04-14 17:10:38] [INFO    ] feature_pipeline.run_feature_generation - Rendering and executing 16 month(s) of feature aggregation...
[2026-04-14 17:10:38] [INFO    ] feature_pipeline.run_feature_generation - Window execution mode: parallel (4 worker)
[2026-04-14 17:10:38] [INFO    ] feature_pipeline.run_feature_generation - Step 6 chunking: month_chunk_size=2, window_group_size=2, resume=False
[2026-04-14 17:10:38] [INFO    ] feature_pipeline.run_feature_generation - Step 6 checkpoint file: None
[2026-04-14 17:10:38] [INFO    ] feature_pipeline.window_runner - Starting window feature aggregation (12 sizes x 16 months)
[2026-04-14 17:10:38] [INFO    ] feature_pipeline.window_runner - Window 3m: truncated 2/2 recompute table(s)
[2026-04-14 17:10:38] [INFO    ] feature_pipeline.window_runner - Window 4m: truncated 2/2 recompute table(s)
[2026-04-14 17:10:38] [INFO    ] feature_pipeline.window_runner - Window 5m: truncated 2/2 recompute table(s)
[2026-04-14 17:10:39] [INFO    ] feature_pipeline.window_runner - Window 6m: truncated 2/2 recompute table(s)
[2026-04-14 17:10:39] [INFO    ] feature_pipeline.window_runner - Window 7m: truncated 2/2 recompute table(s)
[2026-04-14 17:10:40] [INFO    ] feature_pipeline.window_runner - Window 8m: truncated 2/2 recompute table(s)
[2026-04-14 17:10:40] [INFO    ] feature_pipeline.window_runner - Window 9m: truncated 2/2 recompute table(s)
[2026-04-14 17:10:40] [INFO    ] feature_pipeline.window_runner - Window 10m: truncated 2/2 recompute table(s)
[2026-04-14 17:10:41] [INFO    ] feature_pipeline.window_runner - Window 11m: truncated 2/2 recompute table(s)
[2026-04-14 17:10:41] [INFO    ] feature_pipeline.window_runner - Window 12m: truncated 2/2 recompute table(s)
[2026-04-14 17:10:41] [INFO    ] feature_pipeline.window_runner - Window 13m: truncated 2/2 recompute table(s)
[2026-04-14 17:10:41] [INFO    ] feature_pipeline.window_runner - Window 14m: truncated 2/2 recompute table(s)
[2026-04-14 17:10:41] [INFO    ] feature_pipeline.window_runner - Window plan: keep=78, recompute=24, new=0, to_compute=24
[2026-04-14 17:10:41] [INFO    ] feature_pipeline.window_runner - Chunking resume mode: False
[2026-04-14 17:10:41] [INFO    ] feature_pipeline.window_stage_tables - [WINDOW] Cleaning old staging tables
[2026-04-14 17:10:41] [INFO    ] feature_pipeline.window_stage_tables - [WINDOW] Ensuring source indexes
[2026-04-14 17:10:41] [INFO    ] feature_pipeline.db_utils - Creating indexes on 16 bccp_orderitem tables (concurrently=True)...
[2026-04-14 17:10:41] [INFO    ] feature_pipeline.db_utils -   [*] [1/16] Indexing public.bccp_orderitem_2501...
[2026-04-14 17:10:41] [INFO    ] feature_pipeline.db_utils -   [*] [2/16] Indexing public.bccp_orderitem_2502...
[2026-04-14 17:10:41] [INFO    ] feature_pipeline.db_utils -   [*] [3/16] Indexing public.bccp_orderitem_2503...
[2026-04-14 17:10:41] [INFO    ] feature_pipeline.db_utils -   [*] [4/16] Indexing public.bccp_orderitem_2504...
[2026-04-14 17:10:41] [INFO    ] feature_pipeline.db_utils -   [*] [5/16] Indexing public.bccp_orderitem_2505...
[2026-04-14 17:10:41] [INFO    ] feature_pipeline.db_utils -   [*] [6/16] Indexing public.bccp_orderitem_2506...
[2026-04-14 17:10:41] [INFO    ] feature_pipeline.db_utils -   [*] [7/16] Indexing public.bccp_orderitem_2507...
[2026-04-14 17:10:41] [INFO    ] feature_pipeline.db_utils -   [*] [8/16] Indexing public.bccp_orderitem_2508...
[2026-04-14 17:10:41] [INFO    ] feature_pipeline.db_utils -   [*] [9/16] Indexing public.bccp_orderitem_2509...
[2026-04-14 17:10:41] [INFO    ] feature_pipeline.db_utils -   [*] [10/16] Indexing public.bccp_orderitem_2510...
[2026-04-14 17:10:41] [INFO    ] feature_pipeline.db_utils -   [*] [11/16] Indexing public.bccp_orderitem_2511...
[2026-04-14 17:10:41] [INFO    ] feature_pipeline.db_utils -   [*] [12/16] Indexing public.bccp_orderitem_2512...
[2026-04-14 17:10:41] [INFO    ] feature_pipeline.db_utils -   [*] [13/16] Indexing public.bccp_orderitem_2601...
[2026-04-14 17:10:41] [INFO    ] feature_pipeline.db_utils -   [*] [14/16] Indexing public.bccp_orderitem_2602...
[2026-04-14 17:10:41] [INFO    ] feature_pipeline.db_utils -   [*] [15/16] Indexing public.bccp_orderitem_2603...
[2026-04-14 17:10:41] [INFO    ] feature_pipeline.db_utils -   [*] [16/16] Indexing public.bccp_orderitem_2604...
[2026-04-14 17:10:41] [INFO    ] feature_pipeline.db_utils - Created 16 bccp indexes
[2026-04-14 17:10:41] [INFO    ] feature_pipeline.window_stage_tables - [WINDOW] Preparing stage tables from BCCP sources
[2026-04-14 17:10:41] [DEBUG   ] feature_pipeline.db_utils - Built bccp_src with 16 tables
[2026-04-14 17:10:41] [INFO    ] feature_pipeline.window_stage_tables - [WINDOW] Building stage: _window_source
[2026-04-14 17:43:33] [INFO    ] feature_pipeline.window_stage_tables - [WINDOW] Indexing stage: _window_source
[2026-04-14 17:43:36] [INFO    ] feature_pipeline.window_stage_tables - [WINDOW] Building stage: _window_complaints
[2026-04-14 17:44:03] [INFO    ] feature_pipeline.window_stage_tables - [WINDOW] Indexing stage: _window_complaints
[2026-04-14 17:44:14] [INFO    ] feature_pipeline.window_stage_tables - [WINDOW] Building stage: _window_bccp
[2026-04-14 18:36:50] [INFO    ] feature_pipeline.window_stage_tables - [WINDOW] Indexing stage: _window_bccp
[2026-04-14 18:53:43] [INFO    ] feature_pipeline.window_stage_tables - [WINDOW] Running ANALYZE on stage tables
[2026-04-14 18:54:11] [INFO    ] feature_pipeline.window_runner - Chunking plan: 8 month group(s) x 6 window-size group(s)
[2026-04-14 18:54:11] [INFO    ] feature_pipeline.window_runner - [CHUNK 1/48] months:2025-01..2025-02|sizes:3..4 -> no tables, skip
[2026-04-14 18:54:11] [INFO    ] feature_pipeline.window_runner - [CHUNK 2/48] months:2025-01..2025-02|sizes:5..6 -> no tables, skip
[2026-04-14 18:54:11] [INFO    ] feature_pipeline.window_runner - [CHUNK 3/48] months:2025-01..2025-02|sizes:7..8 -> no tables, skip
[2026-04-14 18:54:11] [INFO    ] feature_pipeline.window_runner - [CHUNK 4/48] months:2025-01..2025-02|sizes:9..10 -> no tables, skip
[2026-04-14 18:54:11] [INFO    ] feature_pipeline.window_runner - [CHUNK 5/48] months:2025-01..2025-02|sizes:11..12 -> no tables, skip
[2026-04-14 18:54:11] [INFO    ] feature_pipeline.window_runner - [CHUNK 6/48] months:2025-01..2025-02|sizes:13..14 -> no tables, skip
[2026-04-14 18:54:11] [INFO    ] feature_pipeline.window_runner - [CHUNK 7/48] months:2025-03..2025-04|sizes:3..4 -> no tables, skip
[2026-04-14 18:54:11] [INFO    ] feature_pipeline.window_runner - [CHUNK 8/48] months:2025-03..2025-04|sizes:5..6 -> no tables, skip
[2026-04-14 18:54:11] [INFO    ] feature_pipeline.window_runner - [CHUNK 9/48] months:2025-03..2025-04|sizes:7..8 -> no tables, skip
[2026-04-14 18:54:11] [INFO    ] feature_pipeline.window_runner - [CHUNK 10/48] months:2025-03..2025-04|sizes:9..10 -> no tables, skip
[2026-04-14 18:54:11] [INFO    ] feature_pipeline.window_runner - [CHUNK 11/48] months:2025-03..2025-04|sizes:11..12 -> no tables, skip
[2026-04-14 18:54:11] [INFO    ] feature_pipeline.window_runner - [CHUNK 12/48] months:2025-03..2025-04|sizes:13..14 -> no tables, skip
[2026-04-14 18:54:11] [INFO    ] feature_pipeline.window_runner - [CHUNK 13/48] months:2025-05..2025-06|sizes:3..4 -> no tables, skip
[2026-04-14 18:54:11] [INFO    ] feature_pipeline.window_runner - [CHUNK 14/48] months:2025-05..2025-06|sizes:5..6 -> no tables, skip
[2026-04-14 18:54:11] [INFO    ] feature_pipeline.window_runner - [CHUNK 15/48] months:2025-05..2025-06|sizes:7..8 -> no tables, skip
[2026-04-14 18:54:11] [INFO    ] feature_pipeline.window_runner - [CHUNK 16/48] months:2025-05..2025-06|sizes:9..10 -> no tables, skip
[2026-04-14 18:54:11] [INFO    ] feature_pipeline.window_runner - [CHUNK 17/48] months:2025-05..2025-06|sizes:11..12 -> no tables, skip
[2026-04-14 18:54:11] [INFO    ] feature_pipeline.window_runner - [CHUNK 18/48] months:2025-05..2025-06|sizes:13..14 -> no tables, skip
[2026-04-14 18:54:11] [INFO    ] feature_pipeline.window_runner - [CHUNK 19/48] months:2025-07..2025-08|sizes:3..4 -> no tables, skip
[2026-04-14 18:54:11] [INFO    ] feature_pipeline.window_runner - [CHUNK 20/48] months:2025-07..2025-08|sizes:5..6 -> no tables, skip
[2026-04-14 18:54:11] [INFO    ] feature_pipeline.window_runner - [CHUNK 21/48] months:2025-07..2025-08|sizes:7..8 -> no tables, skip
[2026-04-14 18:54:11] [INFO    ] feature_pipeline.window_runner - [CHUNK 22/48] months:2025-07..2025-08|sizes:9..10 -> no tables, skip
[2026-04-14 18:54:11] [INFO    ] feature_pipeline.window_runner - [CHUNK 23/48] months:2025-07..2025-08|sizes:11..12 -> no tables, skip
[2026-04-14 18:54:11] [INFO    ] feature_pipeline.window_runner - [CHUNK 24/48] months:2025-07..2025-08|sizes:13..14 -> no tables, skip
[2026-04-14 18:54:11] [INFO    ] feature_pipeline.window_runner - [CHUNK 25/48] months:2025-09..2025-10|sizes:3..4 -> no tables, skip
[2026-04-14 18:54:11] [INFO    ] feature_pipeline.window_runner - [CHUNK 26/48] months:2025-09..2025-10|sizes:5..6 -> no tables, skip
[2026-04-14 18:54:11] [INFO    ] feature_pipeline.window_runner - [CHUNK 27/48] months:2025-09..2025-10|sizes:7..8 -> no tables, skip
[2026-04-14 18:54:11] [INFO    ] feature_pipeline.window_runner - [CHUNK 28/48] months:2025-09..2025-10|sizes:9..10 -> no tables, skip
[2026-04-14 18:54:11] [INFO    ] feature_pipeline.window_runner - [CHUNK 29/48] months:2025-09..2025-10|sizes:11..12 -> no tables, skip
[2026-04-14 18:54:11] [INFO    ] feature_pipeline.window_runner - [CHUNK 30/48] months:2025-09..2025-10|sizes:13..14 -> no tables, skip
[2026-04-14 18:54:11] [INFO    ] feature_pipeline.window_runner - [CHUNK 31/48] months:2025-11..2025-12|sizes:3..4 -> no tables, skip
[2026-04-14 18:54:11] [INFO    ] feature_pipeline.window_runner - [CHUNK 32/48] months:2025-11..2025-12|sizes:5..6 -> no tables, skip
[2026-04-14 18:54:11] [INFO    ] feature_pipeline.window_runner - [CHUNK 33/48] months:2025-11..2025-12|sizes:7..8 -> no tables, skip
[2026-04-14 18:54:11] [INFO    ] feature_pipeline.window_runner - [CHUNK 34/48] months:2025-11..2025-12|sizes:9..10 -> no tables, skip
[2026-04-14 18:54:11] [INFO    ] feature_pipeline.window_runner - [CHUNK 35/48] months:2025-11..2025-12|sizes:11..12 -> no tables, skip
[2026-04-14 18:54:11] [INFO    ] feature_pipeline.window_runner - [CHUNK 36/48] months:2025-11..2025-12|sizes:13..14 -> no tables, skip
[2026-04-14 18:54:11] [INFO    ] feature_pipeline.window_runner - [CHUNK 37/48] months:2026-01..2026-02|sizes:3..4 -> no tables, skip
[2026-04-14 18:54:11] [INFO    ] feature_pipeline.window_runner - [CHUNK 38/48] months:2026-01..2026-02|sizes:5..6 -> no tables, skip
[2026-04-14 18:54:11] [INFO    ] feature_pipeline.window_runner - [CHUNK 39/48] months:2026-01..2026-02|sizes:7..8 -> no tables, skip
[2026-04-14 18:54:11] [INFO    ] feature_pipeline.window_runner - [CHUNK 40/48] months:2026-01..2026-02|sizes:9..10 -> no tables, skip
[2026-04-14 18:54:11] [INFO    ] feature_pipeline.window_runner - [CHUNK 41/48] months:2026-01..2026-02|sizes:11..12 -> no tables, skip
[2026-04-14 18:54:11] [INFO    ] feature_pipeline.window_runner - [CHUNK 42/48] months:2026-01..2026-02|sizes:13..14 -> no tables, skip
[2026-04-14 18:54:11] [INFO    ] feature_pipeline.window_runner - [CHUNK 43/48] months:2026-03..2026-04|sizes:3..4 -> 4 table(s), workers=4, batch_size=5
[2026-04-14 18:54:11] [INFO    ] feature_pipeline.window_runner -   [CHUNK-BATCH 1] inserting 4 table(s)
[2026-04-14 18:54:11] [INFO    ] feature_pipeline.window_runner -     [1/24] data_window.cus_feature_3m_2601_2603...
[2026-04-14 19:29:16] [INFO    ] feature_pipeline.window_runner -     [2/24] data_window.cus_feature_3m_2602_2604...
[2026-04-14 19:29:16] [INFO    ] feature_pipeline.window_runner -     [3/24] data_window.cus_feature_4m_2512_2603...
[2026-04-14 19:30:38] [INFO    ] feature_pipeline.window_runner -     [4/24] data_window.cus_feature_4m_2601_2604...
[2026-04-14 19:30:38] [INFO    ] feature_pipeline.window_runner - [CHUNK DONE] months:2026-03..2026-04|sizes:3..4
[2026-04-14 19:30:38] [INFO    ] feature_pipeline.window_runner - [CHUNK 44/48] months:2026-03..2026-04|sizes:5..6 -> 4 table(s), workers=4, batch_size=5
[2026-04-14 19:30:38] [INFO    ] feature_pipeline.window_runner -   [CHUNK-BATCH 1] inserting 4 table(s)
[2026-04-14 19:30:38] [INFO    ] feature_pipeline.window_runner -     [5/24] data_window.cus_feature_5m_2511_2603...
[2026-04-14 20:14:00] [INFO    ] feature_pipeline.window_runner -     [6/24] data_window.cus_feature_5m_2512_2604...
[2026-04-14 20:14:00] [INFO    ] feature_pipeline.window_runner -     [7/24] data_window.cus_feature_6m_2510_2603...
[2026-04-14 20:16:44] [INFO    ] feature_pipeline.window_runner -     [8/24] data_window.cus_feature_6m_2511_2604...
[2026-04-14 20:16:44] [INFO    ] feature_pipeline.window_runner - [CHUNK DONE] months:2026-03..2026-04|sizes:5..6
[2026-04-14 20:16:44] [INFO    ] feature_pipeline.window_runner - [CHUNK 45/48] months:2026-03..2026-04|sizes:7..8 -> 4 table(s), workers=4, batch_size=5
[2026-04-14 20:16:44] [INFO    ] feature_pipeline.window_runner -   [CHUNK-BATCH 1] inserting 4 table(s)
[2026-04-14 20:16:44] [INFO    ] feature_pipeline.window_runner -     [9/24] data_window.cus_feature_7m_2509_2603...
[2026-04-14 21:17:21] [INFO    ] feature_pipeline.window_runner -     [10/24] data_window.cus_feature_7m_2510_2604...
[2026-04-14 21:17:21] [INFO    ] feature_pipeline.window_runner -     [11/24] data_window.cus_feature_8m_2508_2603...
[2026-04-14 21:18:36] [INFO    ] feature_pipeline.window_runner -     [12/24] data_window.cus_feature_8m_2509_2604...
[2026-04-14 21:18:36] [INFO    ] feature_pipeline.window_runner - [CHUNK DONE] months:2026-03..2026-04|sizes:7..8
[2026-04-14 21:18:36] [INFO    ] feature_pipeline.window_runner - [CHUNK 46/48] months:2026-03..2026-04|sizes:9..10 -> 4 table(s), workers=4, batch_size=5
[2026-04-14 21:18:36] [INFO    ] feature_pipeline.window_runner -   [CHUNK-BATCH 1] inserting 4 table(s)
[2026-04-14 21:18:36] [INFO    ] feature_pipeline.window_runner -     [13/24] data_window.cus_feature_9m_2507_2603...
[2026-04-14 21:21:23] [INFO    ] feature_pipeline.window_runner -     [14/24] data_window.cus_feature_9m_2508_2604...
[2026-04-14 21:21:23] [INFO    ] feature_pipeline.window_runner -     [15/24] data_window.cus_feature_10m_2506_2603...
[2026-04-14 21:21:23] [INFO    ] feature_pipeline.window_runner -     [16/24] data_window.cus_feature_10m_2507_2604...
[2026-04-14 21:21:23] [INFO    ] feature_pipeline.window_runner - [CHUNK DONE] months:2026-03..2026-04|sizes:9..10
[2026-04-14 21:21:23] [INFO    ] feature_pipeline.window_runner - [CHUNK 47/48] months:2026-03..2026-04|sizes:11..12 -> 4 table(s), workers=4, batch_size=5
[2026-04-14 21:21:23] [INFO    ] feature_pipeline.window_runner -   [CHUNK-BATCH 1] inserting 4 table(s)
[2026-04-14 21:21:23] [INFO    ] feature_pipeline.window_runner -     [17/24] data_window.cus_feature_11m_2505_2603...
[2026-04-14 21:23:32] [INFO    ] feature_pipeline.window_runner -     [18/24] data_window.cus_feature_11m_2506_2604...
[2026-04-14 21:23:32] [INFO    ] feature_pipeline.window_runner -     [19/24] data_window.cus_feature_12m_2504_2603...
[2026-04-14 21:23:32] [INFO    ] feature_pipeline.window_runner -     [20/24] data_window.cus_feature_12m_2505_2604...
[2026-04-14 21:23:32] [INFO    ] feature_pipeline.window_runner - [CHUNK DONE] months:2026-03..2026-04|sizes:11..12
[2026-04-14 21:23:32] [INFO    ] feature_pipeline.window_runner - [CHUNK 48/48] months:2026-03..2026-04|sizes:13..14 -> 4 table(s), workers=4, batch_size=5
[2026-04-14 21:23:32] [INFO    ] feature_pipeline.window_runner -   [CHUNK-BATCH 1] inserting 4 table(s)
[2026-04-14 21:23:32] [INFO    ] feature_pipeline.window_runner -     [21/24] data_window.cus_feature_13m_2503_2603...
[2026-04-14 21:25:51] [INFO    ] feature_pipeline.window_runner -     [22/24] data_window.cus_feature_13m_2504_2604...
[2026-04-14 21:25:51] [INFO    ] feature_pipeline.window_runner -     [23/24] data_window.cus_feature_14m_2502_2603...
[2026-04-14 21:25:51] [INFO    ] feature_pipeline.window_runner -     [24/24] data_window.cus_feature_14m_2503_2604...
[2026-04-14 21:25:51] [INFO    ] feature_pipeline.window_runner - [CHUNK DONE] months:2026-03..2026-04|sizes:13..14
[2026-04-14 21:25:51] [INFO    ] feature_pipeline.window_runner - Window feature aggregation complete (24 windows)
[2026-04-14 21:26:16] [INFO    ] feature_pipeline.run_feature_generation - [OK] Window features aggregation complete
[2026-04-14 21:26:16] [INFO    ] feature_pipeline.run_feature_generation - 
============================================================
[2026-04-14 21:26:16] [INFO    ] feature_pipeline.run_feature_generation - [OK] FEATURE GENERATION PIPELINE COMPLETED SUCCESSFULLY
[2026-04-14 21:26:16] [INFO    ] feature_pipeline.run_feature_generation - ============================================================
[2026-04-14 21:26:16] [INFO    ] feature_pipeline.run_feature_generation - Log file: /churn_source/preprocessing/logs/pipeline.log
[2026-04-14 21:26:16] [INFO    ] feature_pipeline.run_feature_generation - 
Cleaning up database resources...
[2026-04-14 21:26:16] [INFO    ] feature_pipeline.run_feature_generation - [OK] Database resources released
